2024-07-16 20:20:53,631 [Worker-5: Loading available Gradle versions] INFO  o.e.b.c.i.u.g.PublishedGradleVersions - Gradle version information cache is out-of-date. Trying to update.
2024-07-16 20:25:54,142 [Worker-5: Launching mavenrun-22af0183-d698-4b7a-a559-41b556c531e8] INFO  o.eclipse.m2e.core.internal.Bundles - getClasspathEntries(Bundle=org.eclipse.m2e.maven.runtime_3.9.600.20231203-1234 [638])
2024-07-16 20:25:54,152 [Worker-5: Launching mavenrun-22af0183-d698-4b7a-a559-41b556c531e8] INFO  o.eclipse.m2e.core.internal.Bundles - 	Entry: C:\Java IDE's\eclipse\plugins\org.eclipse.m2e.maven.runtime_3.9.600.20231203-1234
2024-07-16 20:25:54,153 [Worker-5: Launching mavenrun-22af0183-d698-4b7a-a559-41b556c531e8] INFO  o.eclipse.m2e.core.internal.Bundles - 	Entry: C:\Java IDE's\eclipse\plugins\org.eclipse.m2e.maven.runtime_3.9.600.20231203-1234\jars\aopalliance-1.0.jar
2024-07-16 20:25:54,154 [Worker-5: Launching mavenrun-22af0183-d698-4b7a-a559-41b556c531e8] INFO  o.eclipse.m2e.core.internal.Bundles - 	Entry: C:\Java IDE's\eclipse\plugins\org.eclipse.m2e.maven.runtime_3.9.600.20231203-1234\jars\guice-5.1.0.jar
2024-07-16 20:25:54,155 [Worker-5: Launching mavenrun-22af0183-d698-4b7a-a559-41b556c531e8] INFO  o.eclipse.m2e.core.internal.Bundles - 	Entry: C:\Java IDE's\eclipse\plugins\org.eclipse.m2e.maven.runtime_3.9.600.20231203-1234\jars\httpclient-4.5.14.jar
2024-07-16 20:25:54,156 [Worker-5: Launching mavenrun-22af0183-d698-4b7a-a559-41b556c531e8] INFO  o.eclipse.m2e.core.internal.Bundles - 	Entry: C:\Java IDE's\eclipse\plugins\org.eclipse.m2e.maven.runtime_3.9.600.20231203-1234\jars\httpcore-4.4.16.jar
2024-07-16 20:25:54,156 [Worker-5: Launching mavenrun-22af0183-d698-4b7a-a559-41b556c531e8] INFO  o.eclipse.m2e.core.internal.Bundles - 	Entry: C:\Java IDE's\eclipse\plugins\org.eclipse.m2e.maven.runtime_3.9.600.20231203-1234\jars\jansi-2.4.0.jar
2024-07-16 20:25:54,157 [Worker-5: Launching mavenrun-22af0183-d698-4b7a-a559-41b556c531e8] INFO  o.eclipse.m2e.core.internal.Bundles - 	Entry: C:\Java IDE's\eclipse\plugins\org.eclipse.m2e.maven.runtime_3.9.600.20231203-1234\jars\jcl-over-slf4j-1.7.36.jar
2024-07-16 20:25:54,158 [Worker-5: Launching mavenrun-22af0183-d698-4b7a-a559-41b556c531e8] INFO  o.eclipse.m2e.core.internal.Bundles - 	Entry: C:\Java IDE's\eclipse\plugins\org.eclipse.m2e.maven.runtime_3.9.600.20231203-1234\jars\maven-artifact-3.9.6.jar
2024-07-16 20:25:54,159 [Worker-5: Launching mavenrun-22af0183-d698-4b7a-a559-41b556c531e8] INFO  o.eclipse.m2e.core.internal.Bundles - 	Entry: C:\Java IDE's\eclipse\plugins\org.eclipse.m2e.maven.runtime_3.9.600.20231203-1234\jars\maven-builder-support-3.9.6.jar
2024-07-16 20:25:54,159 [Worker-5: Launching mavenrun-22af0183-d698-4b7a-a559-41b556c531e8] INFO  o.eclipse.m2e.core.internal.Bundles - 	Entry: C:\Java IDE's\eclipse\plugins\org.eclipse.m2e.maven.runtime_3.9.600.20231203-1234\jars\maven-compat-3.9.6.jar
2024-07-16 20:25:54,160 [Worker-5: Launching mavenrun-22af0183-d698-4b7a-a559-41b556c531e8] INFO  o.eclipse.m2e.core.internal.Bundles - 	Entry: C:\Java IDE's\eclipse\plugins\org.eclipse.m2e.maven.runtime_3.9.600.20231203-1234\jars\maven-core-3.9.6.jar
2024-07-16 20:25:54,165 [Worker-5: Launching mavenrun-22af0183-d698-4b7a-a559-41b556c531e8] INFO  o.eclipse.m2e.core.internal.Bundles - 	Entry: C:\Java IDE's\eclipse\plugins\org.eclipse.m2e.maven.runtime_3.9.600.20231203-1234\jars\maven-embedder-3.9.6.jar
2024-07-16 20:25:54,165 [Worker-5: Launching mavenrun-22af0183-d698-4b7a-a559-41b556c531e8] INFO  o.eclipse.m2e.core.internal.Bundles - 	Entry: C:\Java IDE's\eclipse\plugins\org.eclipse.m2e.maven.runtime_3.9.600.20231203-1234\jars\maven-model-3.9.6.jar
2024-07-16 20:25:54,288 [Worker-5: Launching mavenrun-22af0183-d698-4b7a-a559-41b556c531e8] INFO  o.eclipse.m2e.core.internal.Bundles - 	Entry: C:\Java IDE's\eclipse\plugins\org.eclipse.m2e.maven.runtime_3.9.600.20231203-1234\jars\maven-model-builder-3.9.6.jar
2024-07-16 20:25:54,289 [Worker-5: Launching mavenrun-22af0183-d698-4b7a-a559-41b556c531e8] INFO  o.eclipse.m2e.core.internal.Bundles - 	Entry: C:\Java IDE's\eclipse\plugins\org.eclipse.m2e.maven.runtime_3.9.600.20231203-1234\jars\maven-plugin-api-3.9.6.jar
2024-07-16 20:25:54,290 [Worker-5: Launching mavenrun-22af0183-d698-4b7a-a559-41b556c531e8] INFO  o.eclipse.m2e.core.internal.Bundles - 	Entry: C:\Java IDE's\eclipse\plugins\org.eclipse.m2e.maven.runtime_3.9.600.20231203-1234\jars\maven-repository-metadata-3.9.6.jar
2024-07-16 20:25:54,293 [Worker-5: Launching mavenrun-22af0183-d698-4b7a-a559-41b556c531e8] INFO  o.eclipse.m2e.core.internal.Bundles - 	Entry: C:\Java IDE's\eclipse\plugins\org.eclipse.m2e.maven.runtime_3.9.600.20231203-1234\jars\maven-resolver-api-1.9.18.jar
2024-07-16 20:25:54,298 [Worker-5: Launching mavenrun-22af0183-d698-4b7a-a559-41b556c531e8] INFO  o.eclipse.m2e.core.internal.Bundles - 	Entry: C:\Java IDE's\eclipse\plugins\org.eclipse.m2e.maven.runtime_3.9.600.20231203-1234\jars\maven-resolver-connector-basic-1.9.18.jar
2024-07-16 20:25:54,336 [Worker-5: Launching mavenrun-22af0183-d698-4b7a-a559-41b556c531e8] INFO  o.eclipse.m2e.core.internal.Bundles - 	Entry: C:\Java IDE's\eclipse\plugins\org.eclipse.m2e.maven.runtime_3.9.600.20231203-1234\jars\maven-resolver-impl-1.9.18.jar
2024-07-16 20:25:54,336 [Worker-5: Launching mavenrun-22af0183-d698-4b7a-a559-41b556c531e8] INFO  o.eclipse.m2e.core.internal.Bundles - 	Entry: C:\Java IDE's\eclipse\plugins\org.eclipse.m2e.maven.runtime_3.9.600.20231203-1234\jars\maven-resolver-named-locks-1.9.18.jar
2024-07-16 20:25:54,337 [Worker-5: Launching mavenrun-22af0183-d698-4b7a-a559-41b556c531e8] INFO  o.eclipse.m2e.core.internal.Bundles - 	Entry: C:\Java IDE's\eclipse\plugins\org.eclipse.m2e.maven.runtime_3.9.600.20231203-1234\jars\maven-resolver-provider-3.9.6.jar
2024-07-16 20:25:54,339 [Worker-5: Launching mavenrun-22af0183-d698-4b7a-a559-41b556c531e8] INFO  o.eclipse.m2e.core.internal.Bundles - 	Entry: C:\Java IDE's\eclipse\plugins\org.eclipse.m2e.maven.runtime_3.9.600.20231203-1234\jars\maven-resolver-spi-1.9.18.jar
2024-07-16 20:25:54,340 [Worker-5: Launching mavenrun-22af0183-d698-4b7a-a559-41b556c531e8] INFO  o.eclipse.m2e.core.internal.Bundles - 	Entry: C:\Java IDE's\eclipse\plugins\org.eclipse.m2e.maven.runtime_3.9.600.20231203-1234\jars\maven-resolver-transport-file-1.9.18.jar
2024-07-16 20:25:54,340 [Worker-5: Launching mavenrun-22af0183-d698-4b7a-a559-41b556c531e8] INFO  o.eclipse.m2e.core.internal.Bundles - 	Entry: C:\Java IDE's\eclipse\plugins\org.eclipse.m2e.maven.runtime_3.9.600.20231203-1234\jars\maven-resolver-transport-http-1.9.18.jar
2024-07-16 20:25:54,341 [Worker-5: Launching mavenrun-22af0183-d698-4b7a-a559-41b556c531e8] INFO  o.eclipse.m2e.core.internal.Bundles - 	Entry: C:\Java IDE's\eclipse\plugins\org.eclipse.m2e.maven.runtime_3.9.600.20231203-1234\jars\maven-resolver-transport-wagon-1.9.18.jar
2024-07-16 20:25:54,342 [Worker-5: Launching mavenrun-22af0183-d698-4b7a-a559-41b556c531e8] INFO  o.eclipse.m2e.core.internal.Bundles - 	Entry: C:\Java IDE's\eclipse\plugins\org.eclipse.m2e.maven.runtime_3.9.600.20231203-1234\jars\maven-resolver-util-1.9.18.jar
2024-07-16 20:25:54,342 [Worker-5: Launching mavenrun-22af0183-d698-4b7a-a559-41b556c531e8] INFO  o.eclipse.m2e.core.internal.Bundles - 	Entry: C:\Java IDE's\eclipse\plugins\org.eclipse.m2e.maven.runtime_3.9.600.20231203-1234\jars\maven-settings-3.9.6.jar
2024-07-16 20:25:54,343 [Worker-5: Launching mavenrun-22af0183-d698-4b7a-a559-41b556c531e8] INFO  o.eclipse.m2e.core.internal.Bundles - 	Entry: C:\Java IDE's\eclipse\plugins\org.eclipse.m2e.maven.runtime_3.9.600.20231203-1234\jars\maven-settings-builder-3.9.6.jar
2024-07-16 20:25:54,346 [Worker-5: Launching mavenrun-22af0183-d698-4b7a-a559-41b556c531e8] INFO  o.eclipse.m2e.core.internal.Bundles - 	Entry: C:\Java IDE's\eclipse\plugins\org.eclipse.m2e.maven.runtime_3.9.600.20231203-1234\jars\maven-shared-utils-3.3.4.jar
2024-07-16 20:25:54,347 [Worker-5: Launching mavenrun-22af0183-d698-4b7a-a559-41b556c531e8] INFO  o.eclipse.m2e.core.internal.Bundles - 	Entry: C:\Java IDE's\eclipse\plugins\org.eclipse.m2e.maven.runtime_3.9.600.20231203-1234\jars\org.eclipse.sisu.inject-0.9.0.M2.jar
2024-07-16 20:25:54,348 [Worker-5: Launching mavenrun-22af0183-d698-4b7a-a559-41b556c531e8] INFO  o.eclipse.m2e.core.internal.Bundles - 	Entry: C:\Java IDE's\eclipse\plugins\org.eclipse.m2e.maven.runtime_3.9.600.20231203-1234\jars\org.eclipse.sisu.plexus-0.9.0.M2.jar
2024-07-16 20:25:54,349 [Worker-5: Launching mavenrun-22af0183-d698-4b7a-a559-41b556c531e8] INFO  o.eclipse.m2e.core.internal.Bundles - 	Entry: C:\Java IDE's\eclipse\plugins\org.eclipse.m2e.maven.runtime_3.9.600.20231203-1234\jars\plexus-build-api-0.0.7.jar
2024-07-16 20:25:54,351 [Worker-5: Launching mavenrun-22af0183-d698-4b7a-a559-41b556c531e8] INFO  o.eclipse.m2e.core.internal.Bundles - 	Entry: C:\Java IDE's\eclipse\plugins\org.eclipse.m2e.maven.runtime_3.9.600.20231203-1234\jars\plexus-cipher-2.0.jar
2024-07-16 20:25:54,353 [Worker-5: Launching mavenrun-22af0183-d698-4b7a-a559-41b556c531e8] INFO  o.eclipse.m2e.core.internal.Bundles - 	Entry: C:\Java IDE's\eclipse\plugins\org.eclipse.m2e.maven.runtime_3.9.600.20231203-1234\jars\plexus-classworlds-2.7.0.jar
2024-07-16 20:25:54,353 [Worker-5: Launching mavenrun-22af0183-d698-4b7a-a559-41b556c531e8] INFO  o.eclipse.m2e.core.internal.Bundles - 	Entry: C:\Java IDE's\eclipse\plugins\org.eclipse.m2e.maven.runtime_3.9.600.20231203-1234\jars\plexus-component-annotations-2.1.0.jar
2024-07-16 20:25:54,354 [Worker-5: Launching mavenrun-22af0183-d698-4b7a-a559-41b556c531e8] INFO  o.eclipse.m2e.core.internal.Bundles - 	Entry: C:\Java IDE's\eclipse\plugins\org.eclipse.m2e.maven.runtime_3.9.600.20231203-1234\jars\plexus-interpolation-1.26.jar
2024-07-16 20:25:54,354 [Worker-5: Launching mavenrun-22af0183-d698-4b7a-a559-41b556c531e8] INFO  o.eclipse.m2e.core.internal.Bundles - 	Entry: C:\Java IDE's\eclipse\plugins\org.eclipse.m2e.maven.runtime_3.9.600.20231203-1234\jars\plexus-sec-dispatcher-2.0.jar
2024-07-16 20:25:54,354 [Worker-5: Launching mavenrun-22af0183-d698-4b7a-a559-41b556c531e8] INFO  o.eclipse.m2e.core.internal.Bundles - 	Entry: C:\Java IDE's\eclipse\plugins\org.eclipse.m2e.maven.runtime_3.9.600.20231203-1234\jars\plexus-utils-3.5.1.jar
2024-07-16 20:25:54,355 [Worker-5: Launching mavenrun-22af0183-d698-4b7a-a559-41b556c531e8] INFO  o.eclipse.m2e.core.internal.Bundles - 	Entry: C:\Java IDE's\eclipse\plugins\org.eclipse.m2e.maven.runtime_3.9.600.20231203-1234\jars\wagon-file-3.5.3.jar
2024-07-16 20:25:54,355 [Worker-5: Launching mavenrun-22af0183-d698-4b7a-a559-41b556c531e8] INFO  o.eclipse.m2e.core.internal.Bundles - 	Entry: C:\Java IDE's\eclipse\plugins\org.eclipse.m2e.maven.runtime_3.9.600.20231203-1234\jars\wagon-http-3.5.3.jar
2024-07-16 20:25:54,356 [Worker-5: Launching mavenrun-22af0183-d698-4b7a-a559-41b556c531e8] INFO  o.eclipse.m2e.core.internal.Bundles - 	Entry: C:\Java IDE's\eclipse\plugins\org.eclipse.m2e.maven.runtime_3.9.600.20231203-1234\jars\wagon-http-shared-3.5.3.jar
2024-07-16 20:25:54,358 [Worker-5: Launching mavenrun-22af0183-d698-4b7a-a559-41b556c531e8] INFO  o.eclipse.m2e.core.internal.Bundles - 	Entry: C:\Java IDE's\eclipse\plugins\org.eclipse.m2e.maven.runtime_3.9.600.20231203-1234\jars\wagon-provider-api-3.5.3.jar
2024-07-16 20:25:54,365 [Worker-5: Launching mavenrun-22af0183-d698-4b7a-a559-41b556c531e8] INFO  o.eclipse.m2e.core.internal.Bundles - getClasspathEntries(Bundle=com.google.guava_33.0.0.jre [14])
2024-07-16 20:25:54,367 [Worker-5: Launching mavenrun-22af0183-d698-4b7a-a559-41b556c531e8] INFO  o.eclipse.m2e.core.internal.Bundles - 	Entry: C:\Java IDE's\eclipse\plugins\com.google.guava_33.0.0.jre.jar
2024-07-16 20:25:54,367 [Worker-5: Launching mavenrun-22af0183-d698-4b7a-a559-41b556c531e8] INFO  o.eclipse.m2e.core.internal.Bundles - getClasspathEntries(Bundle=slf4j.api_2.0.12 [1001])
2024-07-16 20:25:54,368 [Worker-5: Launching mavenrun-22af0183-d698-4b7a-a559-41b556c531e8] INFO  o.eclipse.m2e.core.internal.Bundles - 	Entry: C:\Java IDE's\eclipse\plugins\slf4j.api_2.0.12.jar
2024-07-16 20:25:54,369 [Worker-5: Launching mavenrun-22af0183-d698-4b7a-a559-41b556c531e8] INFO  o.eclipse.m2e.core.internal.Bundles - getClasspathEntries(Bundle=jakarta.inject.jakarta.inject-api_1.0.5 [32])
2024-07-16 20:25:54,369 [Worker-5: Launching mavenrun-22af0183-d698-4b7a-a559-41b556c531e8] INFO  o.eclipse.m2e.core.internal.Bundles - 	Entry: C:\Java IDE's\eclipse\plugins\jakarta.inject.jakarta.inject-api_1.0.5.jar
2024-07-16 20:25:54,370 [Worker-5: Launching mavenrun-22af0183-d698-4b7a-a559-41b556c531e8] INFO  o.eclipse.m2e.core.internal.Bundles - getClasspathEntries(Bundle=jakarta.annotation-api_1.3.5 [27])
2024-07-16 20:25:54,371 [Worker-5: Launching mavenrun-22af0183-d698-4b7a-a559-41b556c531e8] INFO  o.eclipse.m2e.core.internal.Bundles - 	Entry: C:\Java IDE's\eclipse\plugins\jakarta.annotation-api_1.3.5.jar
2024-07-16 20:25:54,371 [Worker-5: Launching mavenrun-22af0183-d698-4b7a-a559-41b556c531e8] INFO  o.eclipse.m2e.core.internal.Bundles - getClasspathEntries(Bundle=org.apache.commons.cli_1.6.0 [75])
2024-07-16 20:25:54,373 [Worker-5: Launching mavenrun-22af0183-d698-4b7a-a559-41b556c531e8] INFO  o.eclipse.m2e.core.internal.Bundles - 	Entry: C:\Java IDE's\eclipse\plugins\org.apache.commons.cli_1.6.0.jar
2024-07-16 20:25:54,382 [Worker-5: Launching mavenrun-22af0183-d698-4b7a-a559-41b556c531e8] INFO  o.eclipse.m2e.core.internal.Bundles - getClasspathEntries(Bundle=org.apache.commons.commons-codec_1.16.0 [78])
2024-07-16 20:25:54,383 [Worker-5: Launching mavenrun-22af0183-d698-4b7a-a559-41b556c531e8] INFO  o.eclipse.m2e.core.internal.Bundles - 	Entry: C:\Java IDE's\eclipse\plugins\org.apache.commons.commons-codec_1.16.0.jar
2024-07-16 20:25:54,384 [Worker-5: Launching mavenrun-22af0183-d698-4b7a-a559-41b556c531e8] INFO  o.eclipse.m2e.core.internal.Bundles - getClasspathEntries(Bundle=org.apache.commons.lang3_3.14.0 [86])
2024-07-16 20:25:54,385 [Worker-5: Launching mavenrun-22af0183-d698-4b7a-a559-41b556c531e8] INFO  o.eclipse.m2e.core.internal.Bundles - 	Entry: C:\Java IDE's\eclipse\plugins\org.apache.commons.lang3_3.14.0.jar
2024-07-16 20:25:54,385 [Worker-5: Launching mavenrun-22af0183-d698-4b7a-a559-41b556c531e8] INFO  o.eclipse.m2e.core.internal.Bundles - getClasspathEntries(Bundle=com.google.guava.failureaccess_1.0.2 [15])
2024-07-16 20:25:54,386 [Worker-5: Launching mavenrun-22af0183-d698-4b7a-a559-41b556c531e8] INFO  o.eclipse.m2e.core.internal.Bundles - 	Entry: C:\Java IDE's\eclipse\plugins\com.google.guava.failureaccess_1.0.2.jar
2024-07-16 20:25:54,402 [Worker-5: Launching mavenrun-22af0183-d698-4b7a-a559-41b556c531e8] INFO  o.e.m.i.launch.MavenLaunchDelegate - Run build in "C:\Users\jay krishna\AppData\Local\Temp\m2e-archetypeGenerator8270851878379412931":
2024-07-16 20:25:54,406 [Worker-5: Launching mavenrun-22af0183-d698-4b7a-a559-41b556c531e8] INFO  o.e.m.i.launch.MavenLaunchDelegate -  mvn  -DarchetypeGroupId=org.apache.maven.archetypes -DarchetypeArtifactId=maven-archetype-quickstart -DarchetypeVersion=1.4 -DgroupId=com.codegnan -DartifactId=SpringDemo_01 -Dversion=0.0.1-SNAPSHOT -Dpackage=com.codegnan.SpringDemo_01 -DoutputDirectory="C:\Spring and SpringBoot" -Dstyle.color=always -U archetype:generate
2024-07-16 20:26:18,224 [Worker-4: Creating maven-archetype-quickstart] INFO  o.e.m.c.i.p.ProjectConfigurationManager - Collecting project info '/pom.xml' C:\Spring and SpringBoot\SpringDemo_01\pom.xml
2024-07-16 20:26:24,721 [Worker-4: Creating maven-archetype-quickstart] INFO  o.e.m.c.i.l.LifecycleMappingFactory - Using org.eclipse.m2e.jdt.JarLifecycleMapping lifecycle mapping for MavenProject: com.codegnan:SpringDemo_01:0.0.1-SNAPSHOT @ C:\Spring and SpringBoot\SpringDemo_01\pom.xml.
2024-07-16 20:26:28,257 [Worker-4: Creating maven-archetype-quickstart] INFO  o.e.m.j.i.AbstractJavaProjectConfigurator - Adding source folder /SpringDemo_01/src/main/java
2024-07-16 20:26:28,262 [Worker-4: Creating maven-archetype-quickstart] INFO  o.e.m.j.i.AbstractJavaProjectConfigurator - Adding resource folder /SpringDemo_01/src/main/resources
2024-07-16 20:26:28,418 [Worker-4: Creating maven-archetype-quickstart] INFO  o.e.m.j.i.AbstractJavaProjectConfigurator - Adding source folder /SpringDemo_01/src/test/java
2024-07-16 20:26:28,428 [Worker-4: Creating maven-archetype-quickstart] INFO  o.e.m.j.i.AbstractJavaProjectConfigurator - Adding resource folder /SpringDemo_01/src/test/resources
2024-07-16 20:26:28,873 [Worker-4: Creating maven-archetype-quickstart] INFO  o.e.m.c.i.p.ProjectConfigurationManager - Imported and configured 1 project(s) in 10 sec
2024-07-16 20:26:30,288 [Worker-13: Building] INFO  o.e.m.c.i.embedder.EclipseLogger - Using 'UTF-8' encoding to copy filtered resources.
2024-07-16 20:26:30,291 [Worker-13: Building] INFO  o.e.m.c.i.embedder.EclipseLogger - skip non existing resourceDirectory C:\Spring and SpringBoot\SpringDemo_01\src\main\resources
2024-07-16 20:26:30,372 [Worker-13: Building] INFO  o.e.m.c.i.embedder.EclipseLogger - Using 'UTF-8' encoding to copy filtered resources.
2024-07-16 20:26:30,373 [Worker-13: Building] INFO  o.e.m.c.i.embedder.EclipseLogger - skip non existing resourceDirectory C:\Spring and SpringBoot\SpringDemo_01\src\test\resources
2024-07-16 20:26:49,899 [Worker-2: Building] INFO  o.e.m.c.i.embedder.EclipseLogger - Using 'UTF-8' encoding to copy filtered resources.
2024-07-16 20:26:49,900 [Worker-2: Building] INFO  o.e.m.c.i.embedder.EclipseLogger - skip non existing resourceDirectory C:\Spring and SpringBoot\SpringDemo_01\src\main\resources
2024-07-16 20:26:49,906 [Worker-2: Building] INFO  o.e.m.c.i.embedder.EclipseLogger - Using 'UTF-8' encoding to copy filtered resources.
2024-07-16 20:26:49,906 [Worker-2: Building] INFO  o.e.m.c.i.embedder.EclipseLogger - skip non existing resourceDirectory C:\Spring and SpringBoot\SpringDemo_01\src\test\resources
2024-07-16 20:27:07,898 [Worker-9: Building] INFO  o.e.m.c.i.embedder.EclipseLogger - Using 'UTF-8' encoding to copy filtered resources.
2024-07-16 20:27:07,898 [Worker-9: Building] INFO  o.e.m.c.i.embedder.EclipseLogger - skip non existing resourceDirectory C:\Spring and SpringBoot\SpringDemo_01\src\main\resources
2024-07-16 20:27:07,910 [Worker-9: Building] INFO  o.e.m.c.i.embedder.EclipseLogger - Using 'UTF-8' encoding to copy filtered resources.
2024-07-16 20:27:07,910 [Worker-9: Building] INFO  o.e.m.c.i.embedder.EclipseLogger - skip non existing resourceDirectory C:\Spring and SpringBoot\SpringDemo_01\src\test\resources
2024-07-16 20:27:19,878 [Worker-9: Building] INFO  o.e.m.c.i.embedder.EclipseLogger - Using 'UTF-8' encoding to copy filtered resources.
2024-07-16 20:27:19,879 [Worker-9: Building] INFO  o.e.m.c.i.embedder.EclipseLogger - skip non existing resourceDirectory C:\Spring and SpringBoot\SpringDemo_01\src\main\resources
2024-07-16 20:27:20,015 [Worker-9: Building] INFO  o.e.m.c.i.embedder.EclipseLogger - Using 'UTF-8' encoding to copy filtered resources.
2024-07-16 20:27:20,016 [Worker-9: Building] INFO  o.e.m.c.i.embedder.EclipseLogger - skip non existing resourceDirectory C:\Spring and SpringBoot\SpringDemo_01\src\test\resources
2024-07-16 20:27:37,251 [Worker-13: Building] INFO  o.e.m.c.i.embedder.EclipseLogger - Using 'UTF-8' encoding to copy filtered resources.
2024-07-16 20:27:37,251 [Worker-13: Building] INFO  o.e.m.c.i.embedder.EclipseLogger - skip non existing resourceDirectory C:\Spring and SpringBoot\SpringDemo_01\src\main\resources
2024-07-16 20:27:37,256 [Worker-13: Building] INFO  o.e.m.c.i.embedder.EclipseLogger - Using 'UTF-8' encoding to copy filtered resources.
2024-07-16 20:27:37,256 [Worker-13: Building] INFO  o.e.m.c.i.embedder.EclipseLogger - skip non existing resourceDirectory C:\Spring and SpringBoot\SpringDemo_01\src\test\resources
2024-07-16 20:28:54,637 [Worker-13: Building] INFO  o.e.m.c.i.embedder.EclipseLogger - Using 'UTF-8' encoding to copy filtered resources.
2024-07-16 20:28:54,638 [Worker-13: Building] INFO  o.e.m.c.i.embedder.EclipseLogger - skip non existing resourceDirectory C:\Spring and SpringBoot\SpringDemo_01\src\main\resources
2024-07-16 20:28:54,644 [Worker-13: Building] INFO  o.e.m.c.i.embedder.EclipseLogger - Using 'UTF-8' encoding to copy filtered resources.
2024-07-16 20:28:54,644 [Worker-13: Building] INFO  o.e.m.c.i.embedder.EclipseLogger - skip non existing resourceDirectory C:\Spring and SpringBoot\SpringDemo_01\src\test\resources
2024-07-16 20:29:09,837 [Worker-2: Building] INFO  o.e.m.c.i.embedder.EclipseLogger - Using 'UTF-8' encoding to copy filtered resources.
2024-07-16 20:29:09,838 [Worker-2: Building] INFO  o.e.m.c.i.embedder.EclipseLogger - skip non existing resourceDirectory C:\Spring and SpringBoot\SpringDemo_01\src\main\resources
2024-07-16 20:29:09,843 [Worker-2: Building] INFO  o.e.m.c.i.embedder.EclipseLogger - Using 'UTF-8' encoding to copy filtered resources.
2024-07-16 20:29:09,844 [Worker-2: Building] INFO  o.e.m.c.i.embedder.EclipseLogger - skip non existing resourceDirectory C:\Spring and SpringBoot\SpringDemo_01\src\test\resources
2024-07-16 20:29:18,355 [Worker-14: Building] INFO  o.e.m.c.i.embedder.EclipseLogger - Using 'UTF-8' encoding to copy filtered resources.
2024-07-16 20:29:18,355 [Worker-14: Building] INFO  o.e.m.c.i.embedder.EclipseLogger - skip non existing resourceDirectory C:\Spring and SpringBoot\SpringDemo_01\src\main\resources
2024-07-16 20:29:18,362 [Worker-14: Building] INFO  o.e.m.c.i.embedder.EclipseLogger - Using 'UTF-8' encoding to copy filtered resources.
2024-07-16 20:29:18,363 [Worker-14: Building] INFO  o.e.m.c.i.embedder.EclipseLogger - skip non existing resourceDirectory C:\Spring and SpringBoot\SpringDemo_01\src\test\resources
2024-07-16 20:29:49,863 [Worker-9: Building] INFO  o.e.m.c.i.embedder.EclipseLogger - Using 'UTF-8' encoding to copy filtered resources.
2024-07-16 20:29:49,863 [Worker-9: Building] INFO  o.e.m.c.i.embedder.EclipseLogger - skip non existing resourceDirectory C:\Spring and SpringBoot\SpringDemo_01\src\main\resources
2024-07-16 20:29:49,868 [Worker-9: Building] INFO  o.e.m.c.i.embedder.EclipseLogger - Using 'UTF-8' encoding to copy filtered resources.
2024-07-16 20:29:49,868 [Worker-9: Building] INFO  o.e.m.c.i.embedder.EclipseLogger - skip non existing resourceDirectory C:\Spring and SpringBoot\SpringDemo_01\src\test\resources
2024-07-16 20:29:58,896 [Worker-4: Building] INFO  o.e.m.c.i.embedder.EclipseLogger - Using 'UTF-8' encoding to copy filtered resources.
2024-07-16 20:29:58,897 [Worker-4: Building] INFO  o.e.m.c.i.embedder.EclipseLogger - skip non existing resourceDirectory C:\Spring and SpringBoot\SpringDemo_01\src\main\resources
2024-07-16 20:29:58,902 [Worker-4: Building] INFO  o.e.m.c.i.embedder.EclipseLogger - Using 'UTF-8' encoding to copy filtered resources.
2024-07-16 20:29:58,902 [Worker-4: Building] INFO  o.e.m.c.i.embedder.EclipseLogger - skip non existing resourceDirectory C:\Spring and SpringBoot\SpringDemo_01\src\test\resources
2024-07-16 20:30:23,098 [Worker-14: Building] INFO  o.e.m.c.i.embedder.EclipseLogger - Using 'UTF-8' encoding to copy filtered resources.
2024-07-16 20:30:23,098 [Worker-14: Building] INFO  o.e.m.c.i.embedder.EclipseLogger - skip non existing resourceDirectory C:\Spring and SpringBoot\SpringDemo_01\src\main\resources
2024-07-16 20:30:23,105 [Worker-14: Building] INFO  o.e.m.c.i.embedder.EclipseLogger - Using 'UTF-8' encoding to copy filtered resources.
2024-07-16 20:30:23,105 [Worker-14: Building] INFO  o.e.m.c.i.embedder.EclipseLogger - skip non existing resourceDirectory C:\Spring and SpringBoot\SpringDemo_01\src\test\resources
2024-07-16 20:30:25,336 [Worker-5: Building] INFO  o.e.m.c.i.embedder.EclipseLogger - Using 'UTF-8' encoding to copy filtered resources.
2024-07-16 20:30:25,336 [Worker-5: Building] INFO  o.e.m.c.i.embedder.EclipseLogger - skip non existing resourceDirectory C:\Spring and SpringBoot\SpringDemo_01\src\main\resources
2024-07-16 20:30:25,340 [Worker-5: Building] INFO  o.e.m.c.i.embedder.EclipseLogger - Using 'UTF-8' encoding to copy filtered resources.
2024-07-16 20:30:25,341 [Worker-5: Building] INFO  o.e.m.c.i.embedder.EclipseLogger - skip non existing resourceDirectory C:\Spring and SpringBoot\SpringDemo_01\src\test\resources
2024-07-16 20:31:04,922 [Worker-1: Building] INFO  o.e.m.c.i.embedder.EclipseLogger - Using 'UTF-8' encoding to copy filtered resources.
2024-07-16 20:31:04,923 [Worker-1: Building] INFO  o.e.m.c.i.embedder.EclipseLogger - skip non existing resourceDirectory C:\Spring and SpringBoot\SpringDemo_01\src\main\resources
2024-07-16 20:31:04,928 [Worker-1: Building] INFO  o.e.m.c.i.embedder.EclipseLogger - Using 'UTF-8' encoding to copy filtered resources.
2024-07-16 20:31:04,928 [Worker-1: Building] INFO  o.e.m.c.i.embedder.EclipseLogger - skip non existing resourceDirectory C:\Spring and SpringBoot\SpringDemo_01\src\test\resources
2024-07-16 20:31:16,365 [Worker-13: Building] INFO  o.e.m.c.i.embedder.EclipseLogger - Using 'UTF-8' encoding to copy filtered resources.
2024-07-16 20:31:16,366 [Worker-13: Building] INFO  o.e.m.c.i.embedder.EclipseLogger - skip non existing resourceDirectory C:\Spring and SpringBoot\SpringDemo_01\src\main\resources
2024-07-16 20:31:16,372 [Worker-13: Building] INFO  o.e.m.c.i.embedder.EclipseLogger - Using 'UTF-8' encoding to copy filtered resources.
2024-07-16 20:31:16,372 [Worker-13: Building] INFO  o.e.m.c.i.embedder.EclipseLogger - skip non existing resourceDirectory C:\Spring and SpringBoot\SpringDemo_01\src\test\resources
2024-07-16 20:31:18,482 [Worker-14: Building] INFO  o.e.m.c.i.embedder.EclipseLogger - Using 'UTF-8' encoding to copy filtered resources.
2024-07-16 20:31:18,482 [Worker-14: Building] INFO  o.e.m.c.i.embedder.EclipseLogger - skip non existing resourceDirectory C:\Spring and SpringBoot\SpringDemo_01\src\main\resources
2024-07-16 20:31:18,487 [Worker-14: Building] INFO  o.e.m.c.i.embedder.EclipseLogger - Using 'UTF-8' encoding to copy filtered resources.
2024-07-16 20:31:18,487 [Worker-14: Building] INFO  o.e.m.c.i.embedder.EclipseLogger - skip non existing resourceDirectory C:\Spring and SpringBoot\SpringDemo_01\src\test\resources
2024-07-16 20:31:46,243 [Worker-9: Building] INFO  o.e.m.c.i.embedder.EclipseLogger - Using 'UTF-8' encoding to copy filtered resources.
2024-07-16 20:31:46,244 [Worker-9: Building] INFO  o.e.m.c.i.embedder.EclipseLogger - skip non existing resourceDirectory C:\Spring and SpringBoot\SpringDemo_01\src\main\resources
2024-07-16 20:31:46,250 [Worker-9: Building] INFO  o.e.m.c.i.embedder.EclipseLogger - Using 'UTF-8' encoding to copy filtered resources.
2024-07-16 20:31:46,250 [Worker-9: Building] INFO  o.e.m.c.i.embedder.EclipseLogger - skip non existing resourceDirectory C:\Spring and SpringBoot\SpringDemo_01\src\test\resources
2024-07-16 20:34:57,052 [Worker-5: Building] INFO  o.e.m.c.i.embedder.EclipseLogger - Using 'UTF-8' encoding to copy filtered resources.
2024-07-16 20:34:57,053 [Worker-5: Building] INFO  o.e.m.c.i.embedder.EclipseLogger - skip non existing resourceDirectory C:\Spring and SpringBoot\SpringDemo_01\src\main\resources
2024-07-16 20:34:57,058 [Worker-5: Building] INFO  o.e.m.c.i.embedder.EclipseLogger - Using 'UTF-8' encoding to copy filtered resources.
2024-07-16 20:34:57,059 [Worker-5: Building] INFO  o.e.m.c.i.embedder.EclipseLogger - skip non existing resourceDirectory C:\Spring and SpringBoot\SpringDemo_01\src\test\resources
2024-07-16 20:37:05,312 [Worker-14: Building] INFO  o.e.m.c.i.embedder.EclipseLogger - Using 'UTF-8' encoding to copy filtered resources.
2024-07-16 20:37:05,312 [Worker-14: Building] INFO  o.e.m.c.i.embedder.EclipseLogger - skip non existing resourceDirectory C:\Spring and SpringBoot\SpringDemo_01\src\main\resources
2024-07-16 20:37:05,316 [Worker-14: Building] INFO  o.e.m.c.i.embedder.EclipseLogger - Using 'UTF-8' encoding to copy filtered resources.
2024-07-16 20:37:05,317 [Worker-14: Building] INFO  o.e.m.c.i.embedder.EclipseLogger - skip non existing resourceDirectory C:\Spring and SpringBoot\SpringDemo_01\src\test\resources
2024-07-16 20:38:02,795 [Worker-13: Building] INFO  o.e.m.c.i.embedder.EclipseLogger - Using 'UTF-8' encoding to copy filtered resources.
2024-07-16 20:38:02,796 [Worker-13: Building] INFO  o.e.m.c.i.embedder.EclipseLogger - skip non existing resourceDirectory C:\Spring and SpringBoot\SpringDemo_01\src\main\resources
2024-07-16 20:38:02,800 [Worker-13: Building] INFO  o.e.m.c.i.embedder.EclipseLogger - Using 'UTF-8' encoding to copy filtered resources.
2024-07-16 20:38:02,800 [Worker-13: Building] INFO  o.e.m.c.i.embedder.EclipseLogger - skip non existing resourceDirectory C:\Spring and SpringBoot\SpringDemo_01\src\test\resources
2024-07-16 20:40:04,603 [Worker-2: Building] INFO  o.e.m.c.i.l.LifecycleMappingFactory - Using org.eclipse.m2e.jdt.JarLifecycleMapping lifecycle mapping for MavenProject: com.codegnan:SpringDemo_01:0.0.1-SNAPSHOT @ C:\Spring and SpringBoot\SpringDemo_01\pom.xml.
2024-07-16 20:40:05,462 [Worker-2: Building] INFO  o.e.m.c.i.embedder.EclipseLogger - Using 'UTF-8' encoding to copy filtered resources.
2024-07-16 20:40:05,463 [Worker-2: Building] INFO  o.e.m.c.i.embedder.EclipseLogger - skip non existing resourceDirectory C:\Spring and SpringBoot\SpringDemo_01\src\main\resources
2024-07-16 20:40:05,470 [Worker-2: Building] INFO  o.e.m.c.i.embedder.EclipseLogger - Using 'UTF-8' encoding to copy filtered resources.
2024-07-16 20:40:05,471 [Worker-2: Building] INFO  o.e.m.c.i.embedder.EclipseLogger - skip non existing resourceDirectory C:\Spring and SpringBoot\SpringDemo_01\src\test\resources
2024-07-16 20:40:08,408 [Worker-4: Building] INFO  o.e.m.c.i.embedder.EclipseLogger - Using 'UTF-8' encoding to copy filtered resources.
2024-07-16 20:40:08,409 [Worker-4: Building] INFO  o.e.m.c.i.embedder.EclipseLogger - skip non existing resourceDirectory C:\Spring and SpringBoot\SpringDemo_01\src\main\resources
2024-07-16 20:40:08,415 [Worker-4: Building] INFO  o.e.m.c.i.embedder.EclipseLogger - Using 'UTF-8' encoding to copy filtered resources.
2024-07-16 20:40:08,415 [Worker-4: Building] INFO  o.e.m.c.i.embedder.EclipseLogger - skip non existing resourceDirectory C:\Spring and SpringBoot\SpringDemo_01\src\test\resources
2024-07-16 20:40:27,009 [Worker-1: Building] INFO  o.e.m.c.i.embedder.EclipseLogger - Using 'UTF-8' encoding to copy filtered resources.
2024-07-16 20:40:27,009 [Worker-1: Building] INFO  o.e.m.c.i.embedder.EclipseLogger - skip non existing resourceDirectory C:\Spring and SpringBoot\SpringDemo_01\src\main\resources
2024-07-16 20:40:27,014 [Worker-1: Building] INFO  o.e.m.c.i.embedder.EclipseLogger - Using 'UTF-8' encoding to copy filtered resources.
2024-07-16 20:40:27,015 [Worker-1: Building] INFO  o.e.m.c.i.embedder.EclipseLogger - skip non existing resourceDirectory C:\Spring and SpringBoot\SpringDemo_01\src\test\resources
2024-07-16 20:41:05,618 [Worker-5: Building] INFO  o.e.m.c.i.embedder.EclipseLogger - Using 'UTF-8' encoding to copy filtered resources.
2024-07-16 20:41:05,619 [Worker-5: Building] INFO  o.e.m.c.i.embedder.EclipseLogger - skip non existing resourceDirectory C:\Spring and SpringBoot\SpringDemo_01\src\main\resources
2024-07-16 20:41:05,624 [Worker-5: Building] INFO  o.e.m.c.i.embedder.EclipseLogger - Using 'UTF-8' encoding to copy filtered resources.
2024-07-16 20:41:05,624 [Worker-5: Building] INFO  o.e.m.c.i.embedder.EclipseLogger - skip non existing resourceDirectory C:\Spring and SpringBoot\SpringDemo_01\src\test\resources
2024-07-16 20:41:11,684 [Worker-4: Building] INFO  o.e.m.c.i.embedder.EclipseLogger - Using 'UTF-8' encoding to copy filtered resources.
2024-07-16 20:41:11,684 [Worker-4: Building] INFO  o.e.m.c.i.embedder.EclipseLogger - skip non existing resourceDirectory C:\Spring and SpringBoot\SpringDemo_01\src\main\resources
2024-07-16 20:41:11,689 [Worker-4: Building] INFO  o.e.m.c.i.embedder.EclipseLogger - Using 'UTF-8' encoding to copy filtered resources.
2024-07-16 20:41:11,689 [Worker-4: Building] INFO  o.e.m.c.i.embedder.EclipseLogger - skip non existing resourceDirectory C:\Spring and SpringBoot\SpringDemo_01\src\test\resources
2024-07-16 20:41:14,235 [Worker-9: Building] INFO  o.e.m.c.i.embedder.EclipseLogger - Using 'UTF-8' encoding to copy filtered resources.
2024-07-16 20:41:14,235 [Worker-9: Building] INFO  o.e.m.c.i.embedder.EclipseLogger - skip non existing resourceDirectory C:\Spring and SpringBoot\SpringDemo_01\src\main\resources
2024-07-16 20:41:14,240 [Worker-9: Building] INFO  o.e.m.c.i.embedder.EclipseLogger - Using 'UTF-8' encoding to copy filtered resources.
2024-07-16 20:41:14,241 [Worker-9: Building] INFO  o.e.m.c.i.embedder.EclipseLogger - skip non existing resourceDirectory C:\Spring and SpringBoot\SpringDemo_01\src\test\resources
2024-07-16 20:44:01,332 [Worker-2: Building] INFO  o.e.m.c.i.embedder.EclipseLogger - Using 'UTF-8' encoding to copy filtered resources.
2024-07-16 20:44:01,333 [Worker-2: Building] INFO  o.e.m.c.i.embedder.EclipseLogger - skip non existing resourceDirectory C:\Spring and SpringBoot\SpringDemo_01\src\main\resources
2024-07-16 20:44:01,339 [Worker-2: Building] INFO  o.e.m.c.i.embedder.EclipseLogger - Using 'UTF-8' encoding to copy filtered resources.
2024-07-16 20:44:01,339 [Worker-2: Building] INFO  o.e.m.c.i.embedder.EclipseLogger - skip non existing resourceDirectory C:\Spring and SpringBoot\SpringDemo_01\src\test\resources
2024-07-16 21:14:27,236 [Worker-4: Launching mavenrun-bd326e0a-3d1a-4a6c-9ce5-46cb6402bd7f] INFO  o.eclipse.m2e.core.internal.Bundles - getClasspathEntries(Bundle=org.eclipse.m2e.maven.runtime_3.9.600.20231203-1234 [638])
2024-07-16 21:14:27,237 [Worker-4: Launching mavenrun-bd326e0a-3d1a-4a6c-9ce5-46cb6402bd7f] INFO  o.eclipse.m2e.core.internal.Bundles - 	Entry: C:\Java IDE's\eclipse\plugins\org.eclipse.m2e.maven.runtime_3.9.600.20231203-1234
2024-07-16 21:14:27,238 [Worker-4: Launching mavenrun-bd326e0a-3d1a-4a6c-9ce5-46cb6402bd7f] INFO  o.eclipse.m2e.core.internal.Bundles - 	Entry: C:\Java IDE's\eclipse\plugins\org.eclipse.m2e.maven.runtime_3.9.600.20231203-1234\jars\aopalliance-1.0.jar
2024-07-16 21:14:27,247 [Worker-4: Launching mavenrun-bd326e0a-3d1a-4a6c-9ce5-46cb6402bd7f] INFO  o.eclipse.m2e.core.internal.Bundles - 	Entry: C:\Java IDE's\eclipse\plugins\org.eclipse.m2e.maven.runtime_3.9.600.20231203-1234\jars\guice-5.1.0.jar
2024-07-16 21:14:27,247 [Worker-4: Launching mavenrun-bd326e0a-3d1a-4a6c-9ce5-46cb6402bd7f] INFO  o.eclipse.m2e.core.internal.Bundles - 	Entry: C:\Java IDE's\eclipse\plugins\org.eclipse.m2e.maven.runtime_3.9.600.20231203-1234\jars\httpclient-4.5.14.jar
2024-07-16 21:14:27,248 [Worker-4: Launching mavenrun-bd326e0a-3d1a-4a6c-9ce5-46cb6402bd7f] INFO  o.eclipse.m2e.core.internal.Bundles - 	Entry: C:\Java IDE's\eclipse\plugins\org.eclipse.m2e.maven.runtime_3.9.600.20231203-1234\jars\httpcore-4.4.16.jar
2024-07-16 21:14:27,248 [Worker-4: Launching mavenrun-bd326e0a-3d1a-4a6c-9ce5-46cb6402bd7f] INFO  o.eclipse.m2e.core.internal.Bundles - 	Entry: C:\Java IDE's\eclipse\plugins\org.eclipse.m2e.maven.runtime_3.9.600.20231203-1234\jars\jansi-2.4.0.jar
2024-07-16 21:14:27,249 [Worker-4: Launching mavenrun-bd326e0a-3d1a-4a6c-9ce5-46cb6402bd7f] INFO  o.eclipse.m2e.core.internal.Bundles - 	Entry: C:\Java IDE's\eclipse\plugins\org.eclipse.m2e.maven.runtime_3.9.600.20231203-1234\jars\jcl-over-slf4j-1.7.36.jar
2024-07-16 21:14:27,250 [Worker-4: Launching mavenrun-bd326e0a-3d1a-4a6c-9ce5-46cb6402bd7f] INFO  o.eclipse.m2e.core.internal.Bundles - 	Entry: C:\Java IDE's\eclipse\plugins\org.eclipse.m2e.maven.runtime_3.9.600.20231203-1234\jars\maven-artifact-3.9.6.jar
2024-07-16 21:14:27,251 [Worker-4: Launching mavenrun-bd326e0a-3d1a-4a6c-9ce5-46cb6402bd7f] INFO  o.eclipse.m2e.core.internal.Bundles - 	Entry: C:\Java IDE's\eclipse\plugins\org.eclipse.m2e.maven.runtime_3.9.600.20231203-1234\jars\maven-builder-support-3.9.6.jar
2024-07-16 21:14:27,251 [Worker-4: Launching mavenrun-bd326e0a-3d1a-4a6c-9ce5-46cb6402bd7f] INFO  o.eclipse.m2e.core.internal.Bundles - 	Entry: C:\Java IDE's\eclipse\plugins\org.eclipse.m2e.maven.runtime_3.9.600.20231203-1234\jars\maven-compat-3.9.6.jar
2024-07-16 21:14:27,251 [Worker-4: Launching mavenrun-bd326e0a-3d1a-4a6c-9ce5-46cb6402bd7f] INFO  o.eclipse.m2e.core.internal.Bundles - 	Entry: C:\Java IDE's\eclipse\plugins\org.eclipse.m2e.maven.runtime_3.9.600.20231203-1234\jars\maven-core-3.9.6.jar
2024-07-16 21:14:27,252 [Worker-4: Launching mavenrun-bd326e0a-3d1a-4a6c-9ce5-46cb6402bd7f] INFO  o.eclipse.m2e.core.internal.Bundles - 	Entry: C:\Java IDE's\eclipse\plugins\org.eclipse.m2e.maven.runtime_3.9.600.20231203-1234\jars\maven-embedder-3.9.6.jar
2024-07-16 21:14:27,252 [Worker-4: Launching mavenrun-bd326e0a-3d1a-4a6c-9ce5-46cb6402bd7f] INFO  o.eclipse.m2e.core.internal.Bundles - 	Entry: C:\Java IDE's\eclipse\plugins\org.eclipse.m2e.maven.runtime_3.9.600.20231203-1234\jars\maven-model-3.9.6.jar
2024-07-16 21:14:27,252 [Worker-4: Launching mavenrun-bd326e0a-3d1a-4a6c-9ce5-46cb6402bd7f] INFO  o.eclipse.m2e.core.internal.Bundles - 	Entry: C:\Java IDE's\eclipse\plugins\org.eclipse.m2e.maven.runtime_3.9.600.20231203-1234\jars\maven-model-builder-3.9.6.jar
2024-07-16 21:14:27,253 [Worker-4: Launching mavenrun-bd326e0a-3d1a-4a6c-9ce5-46cb6402bd7f] INFO  o.eclipse.m2e.core.internal.Bundles - 	Entry: C:\Java IDE's\eclipse\plugins\org.eclipse.m2e.maven.runtime_3.9.600.20231203-1234\jars\maven-plugin-api-3.9.6.jar
2024-07-16 21:14:27,253 [Worker-4: Launching mavenrun-bd326e0a-3d1a-4a6c-9ce5-46cb6402bd7f] INFO  o.eclipse.m2e.core.internal.Bundles - 	Entry: C:\Java IDE's\eclipse\plugins\org.eclipse.m2e.maven.runtime_3.9.600.20231203-1234\jars\maven-repository-metadata-3.9.6.jar
2024-07-16 21:14:27,269 [Worker-4: Launching mavenrun-bd326e0a-3d1a-4a6c-9ce5-46cb6402bd7f] INFO  o.eclipse.m2e.core.internal.Bundles - 	Entry: C:\Java IDE's\eclipse\plugins\org.eclipse.m2e.maven.runtime_3.9.600.20231203-1234\jars\maven-resolver-api-1.9.18.jar
2024-07-16 21:14:27,270 [Worker-4: Launching mavenrun-bd326e0a-3d1a-4a6c-9ce5-46cb6402bd7f] INFO  o.eclipse.m2e.core.internal.Bundles - 	Entry: C:\Java IDE's\eclipse\plugins\org.eclipse.m2e.maven.runtime_3.9.600.20231203-1234\jars\maven-resolver-connector-basic-1.9.18.jar
2024-07-16 21:14:27,271 [Worker-4: Launching mavenrun-bd326e0a-3d1a-4a6c-9ce5-46cb6402bd7f] INFO  o.eclipse.m2e.core.internal.Bundles - 	Entry: C:\Java IDE's\eclipse\plugins\org.eclipse.m2e.maven.runtime_3.9.600.20231203-1234\jars\maven-resolver-impl-1.9.18.jar
2024-07-16 21:14:27,271 [Worker-4: Launching mavenrun-bd326e0a-3d1a-4a6c-9ce5-46cb6402bd7f] INFO  o.eclipse.m2e.core.internal.Bundles - 	Entry: C:\Java IDE's\eclipse\plugins\org.eclipse.m2e.maven.runtime_3.9.600.20231203-1234\jars\maven-resolver-named-locks-1.9.18.jar
2024-07-16 21:14:27,271 [Worker-4: Launching mavenrun-bd326e0a-3d1a-4a6c-9ce5-46cb6402bd7f] INFO  o.eclipse.m2e.core.internal.Bundles - 	Entry: C:\Java IDE's\eclipse\plugins\org.eclipse.m2e.maven.runtime_3.9.600.20231203-1234\jars\maven-resolver-provider-3.9.6.jar
2024-07-16 21:14:27,272 [Worker-4: Launching mavenrun-bd326e0a-3d1a-4a6c-9ce5-46cb6402bd7f] INFO  o.eclipse.m2e.core.internal.Bundles - 	Entry: C:\Java IDE's\eclipse\plugins\org.eclipse.m2e.maven.runtime_3.9.600.20231203-1234\jars\maven-resolver-spi-1.9.18.jar
2024-07-16 21:14:27,272 [Worker-4: Launching mavenrun-bd326e0a-3d1a-4a6c-9ce5-46cb6402bd7f] INFO  o.eclipse.m2e.core.internal.Bundles - 	Entry: C:\Java IDE's\eclipse\plugins\org.eclipse.m2e.maven.runtime_3.9.600.20231203-1234\jars\maven-resolver-transport-file-1.9.18.jar
2024-07-16 21:14:27,273 [Worker-4: Launching mavenrun-bd326e0a-3d1a-4a6c-9ce5-46cb6402bd7f] INFO  o.eclipse.m2e.core.internal.Bundles - 	Entry: C:\Java IDE's\eclipse\plugins\org.eclipse.m2e.maven.runtime_3.9.600.20231203-1234\jars\maven-resolver-transport-http-1.9.18.jar
2024-07-16 21:14:27,273 [Worker-4: Launching mavenrun-bd326e0a-3d1a-4a6c-9ce5-46cb6402bd7f] INFO  o.eclipse.m2e.core.internal.Bundles - 	Entry: C:\Java IDE's\eclipse\plugins\org.eclipse.m2e.maven.runtime_3.9.600.20231203-1234\jars\maven-resolver-transport-wagon-1.9.18.jar
2024-07-16 21:14:27,273 [Worker-4: Launching mavenrun-bd326e0a-3d1a-4a6c-9ce5-46cb6402bd7f] INFO  o.eclipse.m2e.core.internal.Bundles - 	Entry: C:\Java IDE's\eclipse\plugins\org.eclipse.m2e.maven.runtime_3.9.600.20231203-1234\jars\maven-resolver-util-1.9.18.jar
2024-07-16 21:14:27,274 [Worker-4: Launching mavenrun-bd326e0a-3d1a-4a6c-9ce5-46cb6402bd7f] INFO  o.eclipse.m2e.core.internal.Bundles - 	Entry: C:\Java IDE's\eclipse\plugins\org.eclipse.m2e.maven.runtime_3.9.600.20231203-1234\jars\maven-settings-3.9.6.jar
2024-07-16 21:14:27,274 [Worker-4: Launching mavenrun-bd326e0a-3d1a-4a6c-9ce5-46cb6402bd7f] INFO  o.eclipse.m2e.core.internal.Bundles - 	Entry: C:\Java IDE's\eclipse\plugins\org.eclipse.m2e.maven.runtime_3.9.600.20231203-1234\jars\maven-settings-builder-3.9.6.jar
2024-07-16 21:14:27,274 [Worker-4: Launching mavenrun-bd326e0a-3d1a-4a6c-9ce5-46cb6402bd7f] INFO  o.eclipse.m2e.core.internal.Bundles - 	Entry: C:\Java IDE's\eclipse\plugins\org.eclipse.m2e.maven.runtime_3.9.600.20231203-1234\jars\maven-shared-utils-3.3.4.jar
2024-07-16 21:14:27,275 [Worker-4: Launching mavenrun-bd326e0a-3d1a-4a6c-9ce5-46cb6402bd7f] INFO  o.eclipse.m2e.core.internal.Bundles - 	Entry: C:\Java IDE's\eclipse\plugins\org.eclipse.m2e.maven.runtime_3.9.600.20231203-1234\jars\org.eclipse.sisu.inject-0.9.0.M2.jar
2024-07-16 21:14:27,275 [Worker-4: Launching mavenrun-bd326e0a-3d1a-4a6c-9ce5-46cb6402bd7f] INFO  o.eclipse.m2e.core.internal.Bundles - 	Entry: C:\Java IDE's\eclipse\plugins\org.eclipse.m2e.maven.runtime_3.9.600.20231203-1234\jars\org.eclipse.sisu.plexus-0.9.0.M2.jar
2024-07-16 21:14:27,275 [Worker-4: Launching mavenrun-bd326e0a-3d1a-4a6c-9ce5-46cb6402bd7f] INFO  o.eclipse.m2e.core.internal.Bundles - 	Entry: C:\Java IDE's\eclipse\plugins\org.eclipse.m2e.maven.runtime_3.9.600.20231203-1234\jars\plexus-build-api-0.0.7.jar
2024-07-16 21:14:27,276 [Worker-4: Launching mavenrun-bd326e0a-3d1a-4a6c-9ce5-46cb6402bd7f] INFO  o.eclipse.m2e.core.internal.Bundles - 	Entry: C:\Java IDE's\eclipse\plugins\org.eclipse.m2e.maven.runtime_3.9.600.20231203-1234\jars\plexus-cipher-2.0.jar
2024-07-16 21:14:27,276 [Worker-4: Launching mavenrun-bd326e0a-3d1a-4a6c-9ce5-46cb6402bd7f] INFO  o.eclipse.m2e.core.internal.Bundles - 	Entry: C:\Java IDE's\eclipse\plugins\org.eclipse.m2e.maven.runtime_3.9.600.20231203-1234\jars\plexus-classworlds-2.7.0.jar
2024-07-16 21:14:27,276 [Worker-4: Launching mavenrun-bd326e0a-3d1a-4a6c-9ce5-46cb6402bd7f] INFO  o.eclipse.m2e.core.internal.Bundles - 	Entry: C:\Java IDE's\eclipse\plugins\org.eclipse.m2e.maven.runtime_3.9.600.20231203-1234\jars\plexus-component-annotations-2.1.0.jar
2024-07-16 21:14:27,278 [Worker-4: Launching mavenrun-bd326e0a-3d1a-4a6c-9ce5-46cb6402bd7f] INFO  o.eclipse.m2e.core.internal.Bundles - 	Entry: C:\Java IDE's\eclipse\plugins\org.eclipse.m2e.maven.runtime_3.9.600.20231203-1234\jars\plexus-interpolation-1.26.jar
2024-07-16 21:14:27,279 [Worker-4: Launching mavenrun-bd326e0a-3d1a-4a6c-9ce5-46cb6402bd7f] INFO  o.eclipse.m2e.core.internal.Bundles - 	Entry: C:\Java IDE's\eclipse\plugins\org.eclipse.m2e.maven.runtime_3.9.600.20231203-1234\jars\plexus-sec-dispatcher-2.0.jar
2024-07-16 21:14:27,279 [Worker-4: Launching mavenrun-bd326e0a-3d1a-4a6c-9ce5-46cb6402bd7f] INFO  o.eclipse.m2e.core.internal.Bundles - 	Entry: C:\Java IDE's\eclipse\plugins\org.eclipse.m2e.maven.runtime_3.9.600.20231203-1234\jars\plexus-utils-3.5.1.jar
2024-07-16 21:14:27,280 [Worker-4: Launching mavenrun-bd326e0a-3d1a-4a6c-9ce5-46cb6402bd7f] INFO  o.eclipse.m2e.core.internal.Bundles - 	Entry: C:\Java IDE's\eclipse\plugins\org.eclipse.m2e.maven.runtime_3.9.600.20231203-1234\jars\wagon-file-3.5.3.jar
2024-07-16 21:14:27,280 [Worker-4: Launching mavenrun-bd326e0a-3d1a-4a6c-9ce5-46cb6402bd7f] INFO  o.eclipse.m2e.core.internal.Bundles - 	Entry: C:\Java IDE's\eclipse\plugins\org.eclipse.m2e.maven.runtime_3.9.600.20231203-1234\jars\wagon-http-3.5.3.jar
2024-07-16 21:14:27,280 [Worker-4: Launching mavenrun-bd326e0a-3d1a-4a6c-9ce5-46cb6402bd7f] INFO  o.eclipse.m2e.core.internal.Bundles - 	Entry: C:\Java IDE's\eclipse\plugins\org.eclipse.m2e.maven.runtime_3.9.600.20231203-1234\jars\wagon-http-shared-3.5.3.jar
2024-07-16 21:14:27,281 [Worker-4: Launching mavenrun-bd326e0a-3d1a-4a6c-9ce5-46cb6402bd7f] INFO  o.eclipse.m2e.core.internal.Bundles - 	Entry: C:\Java IDE's\eclipse\plugins\org.eclipse.m2e.maven.runtime_3.9.600.20231203-1234\jars\wagon-provider-api-3.5.3.jar
2024-07-16 21:14:27,281 [Worker-4: Launching mavenrun-bd326e0a-3d1a-4a6c-9ce5-46cb6402bd7f] INFO  o.eclipse.m2e.core.internal.Bundles - getClasspathEntries(Bundle=com.google.guava_33.0.0.jre [14])
2024-07-16 21:14:27,282 [Worker-4: Launching mavenrun-bd326e0a-3d1a-4a6c-9ce5-46cb6402bd7f] INFO  o.eclipse.m2e.core.internal.Bundles - 	Entry: C:\Java IDE's\eclipse\plugins\com.google.guava_33.0.0.jre.jar
2024-07-16 21:14:27,282 [Worker-4: Launching mavenrun-bd326e0a-3d1a-4a6c-9ce5-46cb6402bd7f] INFO  o.eclipse.m2e.core.internal.Bundles - getClasspathEntries(Bundle=slf4j.api_2.0.12 [1001])
2024-07-16 21:14:27,283 [Worker-4: Launching mavenrun-bd326e0a-3d1a-4a6c-9ce5-46cb6402bd7f] INFO  o.eclipse.m2e.core.internal.Bundles - 	Entry: C:\Java IDE's\eclipse\plugins\slf4j.api_2.0.12.jar
2024-07-16 21:14:27,283 [Worker-4: Launching mavenrun-bd326e0a-3d1a-4a6c-9ce5-46cb6402bd7f] INFO  o.eclipse.m2e.core.internal.Bundles - getClasspathEntries(Bundle=jakarta.inject.jakarta.inject-api_1.0.5 [32])
2024-07-16 21:14:27,283 [Worker-4: Launching mavenrun-bd326e0a-3d1a-4a6c-9ce5-46cb6402bd7f] INFO  o.eclipse.m2e.core.internal.Bundles - 	Entry: C:\Java IDE's\eclipse\plugins\jakarta.inject.jakarta.inject-api_1.0.5.jar
2024-07-16 21:14:27,284 [Worker-4: Launching mavenrun-bd326e0a-3d1a-4a6c-9ce5-46cb6402bd7f] INFO  o.eclipse.m2e.core.internal.Bundles - getClasspathEntries(Bundle=jakarta.annotation-api_1.3.5 [27])
2024-07-16 21:14:27,284 [Worker-4: Launching mavenrun-bd326e0a-3d1a-4a6c-9ce5-46cb6402bd7f] INFO  o.eclipse.m2e.core.internal.Bundles - 	Entry: C:\Java IDE's\eclipse\plugins\jakarta.annotation-api_1.3.5.jar
2024-07-16 21:14:27,285 [Worker-4: Launching mavenrun-bd326e0a-3d1a-4a6c-9ce5-46cb6402bd7f] INFO  o.eclipse.m2e.core.internal.Bundles - getClasspathEntries(Bundle=org.apache.commons.cli_1.6.0 [75])
2024-07-16 21:14:27,286 [Worker-4: Launching mavenrun-bd326e0a-3d1a-4a6c-9ce5-46cb6402bd7f] INFO  o.eclipse.m2e.core.internal.Bundles - 	Entry: C:\Java IDE's\eclipse\plugins\org.apache.commons.cli_1.6.0.jar
2024-07-16 21:14:27,286 [Worker-4: Launching mavenrun-bd326e0a-3d1a-4a6c-9ce5-46cb6402bd7f] INFO  o.eclipse.m2e.core.internal.Bundles - getClasspathEntries(Bundle=org.apache.commons.commons-codec_1.16.0 [78])
2024-07-16 21:14:27,287 [Worker-4: Launching mavenrun-bd326e0a-3d1a-4a6c-9ce5-46cb6402bd7f] INFO  o.eclipse.m2e.core.internal.Bundles - 	Entry: C:\Java IDE's\eclipse\plugins\org.apache.commons.commons-codec_1.16.0.jar
2024-07-16 21:14:27,287 [Worker-4: Launching mavenrun-bd326e0a-3d1a-4a6c-9ce5-46cb6402bd7f] INFO  o.eclipse.m2e.core.internal.Bundles - getClasspathEntries(Bundle=org.apache.commons.lang3_3.14.0 [86])
2024-07-16 21:14:27,287 [Worker-4: Launching mavenrun-bd326e0a-3d1a-4a6c-9ce5-46cb6402bd7f] INFO  o.eclipse.m2e.core.internal.Bundles - 	Entry: C:\Java IDE's\eclipse\plugins\org.apache.commons.lang3_3.14.0.jar
2024-07-16 21:14:27,288 [Worker-4: Launching mavenrun-bd326e0a-3d1a-4a6c-9ce5-46cb6402bd7f] INFO  o.eclipse.m2e.core.internal.Bundles - getClasspathEntries(Bundle=com.google.guava.failureaccess_1.0.2 [15])
2024-07-16 21:14:27,289 [Worker-4: Launching mavenrun-bd326e0a-3d1a-4a6c-9ce5-46cb6402bd7f] INFO  o.eclipse.m2e.core.internal.Bundles - 	Entry: C:\Java IDE's\eclipse\plugins\com.google.guava.failureaccess_1.0.2.jar
2024-07-16 21:14:27,292 [Worker-4: Launching mavenrun-bd326e0a-3d1a-4a6c-9ce5-46cb6402bd7f] INFO  o.e.m.i.launch.MavenLaunchDelegate - Run build in "C:\Users\jay krishna\AppData\Local\Temp\m2e-archetypeGenerator13775855854593237449":
2024-07-16 21:14:27,292 [Worker-4: Launching mavenrun-bd326e0a-3d1a-4a6c-9ce5-46cb6402bd7f] INFO  o.e.m.i.launch.MavenLaunchDelegate -  mvn  -DarchetypeGroupId=org.apache.maven.archetypes -DarchetypeArtifactId=maven-archetype-quickstart -DarchetypeVersion=1.4 -DgroupId=com.codegnan -DartifactId=SpringDemo_02 -Dversion=0.0.1-SNAPSHOT -Dpackage=com.codegnan.SpringDemo_02 -DoutputDirectory="C:\Spring and SpringBoot" -Dstyle.color=always -U archetype:generate
2024-07-16 21:15:00,415 [Worker-2: Creating maven-archetype-quickstart] INFO  o.e.m.c.i.p.ProjectConfigurationManager - Collecting project info '/pom.xml' C:\Spring and SpringBoot\SpringDemo_02\pom.xml
2024-07-16 21:15:00,629 [Worker-2: Creating maven-archetype-quickstart] INFO  o.e.m.c.i.l.LifecycleMappingFactory - Using org.eclipse.m2e.jdt.JarLifecycleMapping lifecycle mapping for MavenProject: com.codegnan:SpringDemo_02:0.0.1-SNAPSHOT @ C:\Spring and SpringBoot\SpringDemo_02\pom.xml.
2024-07-16 21:15:01,770 [Worker-2: Creating maven-archetype-quickstart] INFO  o.e.m.j.i.AbstractJavaProjectConfigurator - Adding source folder /SpringDemo_02/src/main/java
2024-07-16 21:15:01,771 [Worker-2: Creating maven-archetype-quickstart] INFO  o.e.m.j.i.AbstractJavaProjectConfigurator - Adding resource folder /SpringDemo_02/src/main/resources
2024-07-16 21:15:01,796 [Worker-2: Creating maven-archetype-quickstart] INFO  o.e.m.j.i.AbstractJavaProjectConfigurator - Adding source folder /SpringDemo_02/src/test/java
2024-07-16 21:15:01,798 [Worker-2: Creating maven-archetype-quickstart] INFO  o.e.m.j.i.AbstractJavaProjectConfigurator - Adding resource folder /SpringDemo_02/src/test/resources
2024-07-16 21:15:02,237 [Worker-2: Creating maven-archetype-quickstart] INFO  o.e.m.c.i.p.ProjectConfigurationManager - Imported and configured 1 project(s) in 1 sec
2024-07-16 21:15:02,483 [Worker-17: Building] INFO  o.e.m.c.i.embedder.EclipseLogger - Using 'UTF-8' encoding to copy filtered resources.
2024-07-16 21:15:02,484 [Worker-17: Building] INFO  o.e.m.c.i.embedder.EclipseLogger - skip non existing resourceDirectory C:\Spring and SpringBoot\SpringDemo_02\src\main\resources
2024-07-16 21:15:02,488 [Worker-17: Building] INFO  o.e.m.c.i.embedder.EclipseLogger - Using 'UTF-8' encoding to copy filtered resources.
2024-07-16 21:15:02,489 [Worker-17: Building] INFO  o.e.m.c.i.embedder.EclipseLogger - skip non existing resourceDirectory C:\Spring and SpringBoot\SpringDemo_02\src\test\resources
2024-07-16 21:15:41,886 [Worker-19: Building] INFO  o.e.m.c.i.l.LifecycleMappingFactory - Using org.eclipse.m2e.jdt.JarLifecycleMapping lifecycle mapping for MavenProject: com.codegnan:SpringDemo_02:0.0.1-SNAPSHOT @ C:\Spring and SpringBoot\SpringDemo_02\pom.xml.
2024-07-16 21:15:42,082 [Worker-19: Building] INFO  o.e.m.c.i.embedder.EclipseLogger - Using 'UTF-8' encoding to copy filtered resources.
2024-07-16 21:15:42,083 [Worker-19: Building] INFO  o.e.m.c.i.embedder.EclipseLogger - skip non existing resourceDirectory C:\Spring and SpringBoot\SpringDemo_02\src\main\resources
2024-07-16 21:15:42,087 [Worker-19: Building] INFO  o.e.m.c.i.embedder.EclipseLogger - Using 'UTF-8' encoding to copy filtered resources.
2024-07-16 21:15:42,088 [Worker-19: Building] INFO  o.e.m.c.i.embedder.EclipseLogger - skip non existing resourceDirectory C:\Spring and SpringBoot\SpringDemo_02\src\test\resources
2024-07-16 21:15:43,302 [Worker-19: Building] INFO  o.e.m.c.i.embedder.EclipseLogger - Using 'UTF-8' encoding to copy filtered resources.
2024-07-16 21:15:43,302 [Worker-19: Building] INFO  o.e.m.c.i.embedder.EclipseLogger - skip non existing resourceDirectory C:\Spring and SpringBoot\SpringDemo_02\src\main\resources
2024-07-16 21:15:43,306 [Worker-19: Building] INFO  o.e.m.c.i.embedder.EclipseLogger - Using 'UTF-8' encoding to copy filtered resources.
2024-07-16 21:15:43,306 [Worker-19: Building] INFO  o.e.m.c.i.embedder.EclipseLogger - skip non existing resourceDirectory C:\Spring and SpringBoot\SpringDemo_02\src\test\resources
2024-07-16 21:16:06,447 [Worker-4: Building] INFO  o.e.m.c.i.embedder.EclipseLogger - Using 'UTF-8' encoding to copy filtered resources.
2024-07-16 21:16:06,448 [Worker-4: Building] INFO  o.e.m.c.i.embedder.EclipseLogger - skip non existing resourceDirectory C:\Spring and SpringBoot\SpringDemo_02\src\main\resources
2024-07-16 21:16:06,453 [Worker-4: Building] INFO  o.e.m.c.i.embedder.EclipseLogger - Using 'UTF-8' encoding to copy filtered resources.
2024-07-16 21:16:06,453 [Worker-4: Building] INFO  o.e.m.c.i.embedder.EclipseLogger - skip non existing resourceDirectory C:\Spring and SpringBoot\SpringDemo_02\src\test\resources
2024-07-16 21:16:15,681 [Worker-15: Building] INFO  o.e.m.c.i.embedder.EclipseLogger - Using 'UTF-8' encoding to copy filtered resources.
2024-07-16 21:16:15,681 [Worker-15: Building] INFO  o.e.m.c.i.embedder.EclipseLogger - skip non existing resourceDirectory C:\Spring and SpringBoot\SpringDemo_02\src\main\resources
2024-07-16 21:16:15,686 [Worker-15: Building] INFO  o.e.m.c.i.embedder.EclipseLogger - Using 'UTF-8' encoding to copy filtered resources.
2024-07-16 21:16:15,686 [Worker-15: Building] INFO  o.e.m.c.i.embedder.EclipseLogger - skip non existing resourceDirectory C:\Spring and SpringBoot\SpringDemo_02\src\test\resources
2024-07-16 21:16:29,604 [Worker-2: Building] INFO  o.e.m.c.i.embedder.EclipseLogger - Using 'UTF-8' encoding to copy filtered resources.
2024-07-16 21:16:29,604 [Worker-2: Building] INFO  o.e.m.c.i.embedder.EclipseLogger - skip non existing resourceDirectory C:\Spring and SpringBoot\SpringDemo_02\src\main\resources
2024-07-16 21:16:29,608 [Worker-2: Building] INFO  o.e.m.c.i.embedder.EclipseLogger - Using 'UTF-8' encoding to copy filtered resources.
2024-07-16 21:16:29,608 [Worker-2: Building] INFO  o.e.m.c.i.embedder.EclipseLogger - skip non existing resourceDirectory C:\Spring and SpringBoot\SpringDemo_02\src\test\resources
2024-07-16 21:16:44,968 [Worker-2: Building] INFO  o.e.m.c.i.embedder.EclipseLogger - Using 'UTF-8' encoding to copy filtered resources.
2024-07-16 21:16:44,969 [Worker-2: Building] INFO  o.e.m.c.i.embedder.EclipseLogger - skip non existing resourceDirectory C:\Spring and SpringBoot\SpringDemo_02\src\main\resources
2024-07-16 21:16:44,973 [Worker-2: Building] INFO  o.e.m.c.i.embedder.EclipseLogger - Using 'UTF-8' encoding to copy filtered resources.
2024-07-16 21:16:44,974 [Worker-2: Building] INFO  o.e.m.c.i.embedder.EclipseLogger - skip non existing resourceDirectory C:\Spring and SpringBoot\SpringDemo_02\src\test\resources
2024-07-16 21:18:00,326 [Worker-18: Building] INFO  o.e.m.c.i.embedder.EclipseLogger - Using 'UTF-8' encoding to copy filtered resources.
2024-07-16 21:18:00,326 [Worker-18: Building] INFO  o.e.m.c.i.embedder.EclipseLogger - skip non existing resourceDirectory C:\Spring and SpringBoot\SpringDemo_02\src\main\resources
2024-07-16 21:18:00,330 [Worker-18: Building] INFO  o.e.m.c.i.embedder.EclipseLogger - Using 'UTF-8' encoding to copy filtered resources.
2024-07-16 21:18:00,330 [Worker-18: Building] INFO  o.e.m.c.i.embedder.EclipseLogger - skip non existing resourceDirectory C:\Spring and SpringBoot\SpringDemo_02\src\test\resources
2024-07-16 21:18:21,354 [Worker-18: Building] INFO  o.e.m.c.i.embedder.EclipseLogger - Using 'UTF-8' encoding to copy filtered resources.
2024-07-16 21:18:21,355 [Worker-18: Building] INFO  o.e.m.c.i.embedder.EclipseLogger - skip non existing resourceDirectory C:\Spring and SpringBoot\SpringDemo_02\src\main\resources
2024-07-16 21:18:21,359 [Worker-18: Building] INFO  o.e.m.c.i.embedder.EclipseLogger - Using 'UTF-8' encoding to copy filtered resources.
2024-07-16 21:18:21,359 [Worker-18: Building] INFO  o.e.m.c.i.embedder.EclipseLogger - skip non existing resourceDirectory C:\Spring and SpringBoot\SpringDemo_02\src\test\resources
2024-07-16 21:19:52,347 [Worker-2: Building] INFO  o.e.m.c.i.embedder.EclipseLogger - Using 'UTF-8' encoding to copy filtered resources.
2024-07-16 21:19:52,348 [Worker-2: Building] INFO  o.e.m.c.i.embedder.EclipseLogger - skip non existing resourceDirectory C:\Spring and SpringBoot\SpringDemo_02\src\main\resources
2024-07-16 21:19:52,352 [Worker-2: Building] INFO  o.e.m.c.i.embedder.EclipseLogger - Using 'UTF-8' encoding to copy filtered resources.
2024-07-16 21:19:52,352 [Worker-2: Building] INFO  o.e.m.c.i.embedder.EclipseLogger - skip non existing resourceDirectory C:\Spring and SpringBoot\SpringDemo_02\src\test\resources
2024-07-16 21:20:18,390 [Worker-20: Building] INFO  o.e.m.c.i.embedder.EclipseLogger - Using 'UTF-8' encoding to copy filtered resources.
2024-07-16 21:20:18,391 [Worker-20: Building] INFO  o.e.m.c.i.embedder.EclipseLogger - skip non existing resourceDirectory C:\Spring and SpringBoot\SpringDemo_02\src\main\resources
2024-07-16 21:20:18,395 [Worker-20: Building] INFO  o.e.m.c.i.embedder.EclipseLogger - Using 'UTF-8' encoding to copy filtered resources.
2024-07-16 21:20:18,395 [Worker-20: Building] INFO  o.e.m.c.i.embedder.EclipseLogger - skip non existing resourceDirectory C:\Spring and SpringBoot\SpringDemo_02\src\test\resources
2024-07-16 21:21:26,765 [Worker-2: Building] INFO  o.e.m.c.i.embedder.EclipseLogger - Using 'UTF-8' encoding to copy filtered resources.
2024-07-16 21:21:26,766 [Worker-2: Building] INFO  o.e.m.c.i.embedder.EclipseLogger - skip non existing resourceDirectory C:\Spring and SpringBoot\SpringDemo_02\src\main\resources
2024-07-16 21:21:26,771 [Worker-2: Building] INFO  o.e.m.c.i.embedder.EclipseLogger - Using 'UTF-8' encoding to copy filtered resources.
2024-07-16 21:21:26,771 [Worker-2: Building] INFO  o.e.m.c.i.embedder.EclipseLogger - skip non existing resourceDirectory C:\Spring and SpringBoot\SpringDemo_02\src\test\resources
2024-07-16 21:22:44,220 [Worker-15: Building] INFO  o.e.m.c.i.embedder.EclipseLogger - Using 'UTF-8' encoding to copy filtered resources.
2024-07-16 21:22:44,220 [Worker-15: Building] INFO  o.e.m.c.i.embedder.EclipseLogger - skip non existing resourceDirectory C:\Spring and SpringBoot\SpringDemo_02\src\main\resources
2024-07-16 21:22:44,220 [Worker-15: Building] INFO  o.e.m.c.i.embedder.EclipseLogger - Using 'UTF-8' encoding to copy filtered resources.
2024-07-16 21:22:44,220 [Worker-15: Building] INFO  o.e.m.c.i.embedder.EclipseLogger - skip non existing resourceDirectory C:\Spring and SpringBoot\SpringDemo_02\src\test\resources
2024-07-16 21:23:26,825 [Worker-20: Building] INFO  o.e.m.c.i.embedder.EclipseLogger - Using 'UTF-8' encoding to copy filtered resources.
2024-07-16 21:23:26,825 [Worker-20: Building] INFO  o.e.m.c.i.embedder.EclipseLogger - skip non existing resourceDirectory C:\Spring and SpringBoot\SpringDemo_02\src\main\resources
2024-07-16 21:23:26,829 [Worker-20: Building] INFO  o.e.m.c.i.embedder.EclipseLogger - Using 'UTF-8' encoding to copy filtered resources.
2024-07-16 21:23:26,829 [Worker-20: Building] INFO  o.e.m.c.i.embedder.EclipseLogger - skip non existing resourceDirectory C:\Spring and SpringBoot\SpringDemo_02\src\test\resources
2024-07-16 21:24:13,078 [Worker-21: Building] INFO  o.e.m.c.i.embedder.EclipseLogger - Using 'UTF-8' encoding to copy filtered resources.
2024-07-16 21:24:13,078 [Worker-21: Building] INFO  o.e.m.c.i.embedder.EclipseLogger - skip non existing resourceDirectory C:\Spring and SpringBoot\SpringDemo_02\src\main\resources
2024-07-16 21:24:13,082 [Worker-21: Building] INFO  o.e.m.c.i.embedder.EclipseLogger - Using 'UTF-8' encoding to copy filtered resources.
2024-07-16 21:24:13,083 [Worker-21: Building] INFO  o.e.m.c.i.embedder.EclipseLogger - skip non existing resourceDirectory C:\Spring and SpringBoot\SpringDemo_02\src\test\resources
2024-07-16 21:24:27,996 [Worker-19: Building] INFO  o.e.m.c.i.embedder.EclipseLogger - Using 'UTF-8' encoding to copy filtered resources.
2024-07-16 21:24:27,997 [Worker-19: Building] INFO  o.e.m.c.i.embedder.EclipseLogger - skip non existing resourceDirectory C:\Spring and SpringBoot\SpringDemo_02\src\main\resources
2024-07-16 21:24:28,003 [Worker-19: Building] INFO  o.e.m.c.i.embedder.EclipseLogger - Using 'UTF-8' encoding to copy filtered resources.
2024-07-16 21:24:28,003 [Worker-19: Building] INFO  o.e.m.c.i.embedder.EclipseLogger - skip non existing resourceDirectory C:\Spring and SpringBoot\SpringDemo_02\src\test\resources
2024-07-16 21:24:39,202 [Worker-15: Building] INFO  o.e.m.c.i.embedder.EclipseLogger - Using 'UTF-8' encoding to copy filtered resources.
2024-07-16 21:24:39,202 [Worker-15: Building] INFO  o.e.m.c.i.embedder.EclipseLogger - skip non existing resourceDirectory C:\Spring and SpringBoot\SpringDemo_02\src\main\resources
2024-07-16 21:24:39,206 [Worker-15: Building] INFO  o.e.m.c.i.embedder.EclipseLogger - Using 'UTF-8' encoding to copy filtered resources.
2024-07-16 21:24:39,206 [Worker-15: Building] INFO  o.e.m.c.i.embedder.EclipseLogger - skip non existing resourceDirectory C:\Spring and SpringBoot\SpringDemo_02\src\test\resources
2024-07-16 21:26:29,298 [Worker-2: Building] INFO  o.e.m.c.i.embedder.EclipseLogger - Using 'UTF-8' encoding to copy filtered resources.
2024-07-16 21:26:29,299 [Worker-2: Building] INFO  o.e.m.c.i.embedder.EclipseLogger - skip non existing resourceDirectory C:\Spring and SpringBoot\SpringDemo_02\src\main\resources
2024-07-16 21:26:29,303 [Worker-2: Building] INFO  o.e.m.c.i.embedder.EclipseLogger - Using 'UTF-8' encoding to copy filtered resources.
2024-07-16 21:26:29,303 [Worker-2: Building] INFO  o.e.m.c.i.embedder.EclipseLogger - skip non existing resourceDirectory C:\Spring and SpringBoot\SpringDemo_02\src\test\resources
2024-07-16 21:27:02,356 [Worker-19: Building] INFO  o.e.m.c.i.embedder.EclipseLogger - Using 'UTF-8' encoding to copy filtered resources.
2024-07-16 21:27:02,357 [Worker-19: Building] INFO  o.e.m.c.i.embedder.EclipseLogger - skip non existing resourceDirectory C:\Spring and SpringBoot\SpringDemo_02\src\main\resources
2024-07-16 21:27:02,360 [Worker-19: Building] INFO  o.e.m.c.i.embedder.EclipseLogger - Using 'UTF-8' encoding to copy filtered resources.
2024-07-16 21:27:02,361 [Worker-19: Building] INFO  o.e.m.c.i.embedder.EclipseLogger - skip non existing resourceDirectory C:\Spring and SpringBoot\SpringDemo_02\src\test\resources
2024-07-16 21:29:01,293 [Worker-20: Building] INFO  o.e.m.c.i.embedder.EclipseLogger - Using 'UTF-8' encoding to copy filtered resources.
2024-07-16 21:29:01,294 [Worker-20: Building] INFO  o.e.m.c.i.embedder.EclipseLogger - skip non existing resourceDirectory C:\Spring and SpringBoot\SpringDemo_02\src\main\resources
2024-07-16 21:29:01,297 [Worker-20: Building] INFO  o.e.m.c.i.embedder.EclipseLogger - Using 'UTF-8' encoding to copy filtered resources.
2024-07-16 21:29:01,298 [Worker-20: Building] INFO  o.e.m.c.i.embedder.EclipseLogger - skip non existing resourceDirectory C:\Spring and SpringBoot\SpringDemo_02\src\test\resources
2024-07-16 21:29:10,851 [Worker-20: Building] INFO  o.e.m.c.i.embedder.EclipseLogger - Using 'UTF-8' encoding to copy filtered resources.
2024-07-16 21:29:10,851 [Worker-20: Building] INFO  o.e.m.c.i.embedder.EclipseLogger - skip non existing resourceDirectory C:\Spring and SpringBoot\SpringDemo_02\src\main\resources
2024-07-16 21:29:10,855 [Worker-20: Building] INFO  o.e.m.c.i.embedder.EclipseLogger - Using 'UTF-8' encoding to copy filtered resources.
2024-07-16 21:29:10,855 [Worker-20: Building] INFO  o.e.m.c.i.embedder.EclipseLogger - skip non existing resourceDirectory C:\Spring and SpringBoot\SpringDemo_02\src\test\resources
2024-07-16 21:29:12,896 [Worker-2: Building] INFO  o.e.m.c.i.embedder.EclipseLogger - Using 'UTF-8' encoding to copy filtered resources.
2024-07-16 21:29:12,896 [Worker-2: Building] INFO  o.e.m.c.i.embedder.EclipseLogger - skip non existing resourceDirectory C:\Spring and SpringBoot\SpringDemo_02\src\main\resources
2024-07-16 21:29:12,900 [Worker-2: Building] INFO  o.e.m.c.i.embedder.EclipseLogger - Using 'UTF-8' encoding to copy filtered resources.
2024-07-16 21:29:12,901 [Worker-2: Building] INFO  o.e.m.c.i.embedder.EclipseLogger - skip non existing resourceDirectory C:\Spring and SpringBoot\SpringDemo_02\src\test\resources
2024-07-16 21:29:45,016 [Worker-20: Building] INFO  o.e.m.c.i.embedder.EclipseLogger - Using 'UTF-8' encoding to copy filtered resources.
2024-07-16 21:29:45,016 [Worker-20: Building] INFO  o.e.m.c.i.embedder.EclipseLogger - skip non existing resourceDirectory C:\Spring and SpringBoot\SpringDemo_02\src\main\resources
2024-07-16 21:29:45,020 [Worker-20: Building] INFO  o.e.m.c.i.embedder.EclipseLogger - Using 'UTF-8' encoding to copy filtered resources.
2024-07-16 21:29:45,020 [Worker-20: Building] INFO  o.e.m.c.i.embedder.EclipseLogger - skip non existing resourceDirectory C:\Spring and SpringBoot\SpringDemo_02\src\test\resources
2024-07-16 21:31:12,142 [Worker-19: Launching mavenrun-34d708c9-db45-4e3b-b15c-cebba43517e2] INFO  o.eclipse.m2e.core.internal.Bundles - getClasspathEntries(Bundle=org.eclipse.m2e.maven.runtime_3.9.600.20231203-1234 [638])
2024-07-16 21:31:12,156 [Worker-19: Launching mavenrun-34d708c9-db45-4e3b-b15c-cebba43517e2] INFO  o.eclipse.m2e.core.internal.Bundles - 	Entry: C:\Java IDE's\eclipse\plugins\org.eclipse.m2e.maven.runtime_3.9.600.20231203-1234
2024-07-16 21:31:12,172 [Worker-19: Launching mavenrun-34d708c9-db45-4e3b-b15c-cebba43517e2] INFO  o.eclipse.m2e.core.internal.Bundles - 	Entry: C:\Java IDE's\eclipse\plugins\org.eclipse.m2e.maven.runtime_3.9.600.20231203-1234\jars\aopalliance-1.0.jar
2024-07-16 21:31:12,174 [Worker-19: Launching mavenrun-34d708c9-db45-4e3b-b15c-cebba43517e2] INFO  o.eclipse.m2e.core.internal.Bundles - 	Entry: C:\Java IDE's\eclipse\plugins\org.eclipse.m2e.maven.runtime_3.9.600.20231203-1234\jars\guice-5.1.0.jar
2024-07-16 21:31:12,174 [Worker-19: Launching mavenrun-34d708c9-db45-4e3b-b15c-cebba43517e2] INFO  o.eclipse.m2e.core.internal.Bundles - 	Entry: C:\Java IDE's\eclipse\plugins\org.eclipse.m2e.maven.runtime_3.9.600.20231203-1234\jars\httpclient-4.5.14.jar
2024-07-16 21:31:12,175 [Worker-19: Launching mavenrun-34d708c9-db45-4e3b-b15c-cebba43517e2] INFO  o.eclipse.m2e.core.internal.Bundles - 	Entry: C:\Java IDE's\eclipse\plugins\org.eclipse.m2e.maven.runtime_3.9.600.20231203-1234\jars\httpcore-4.4.16.jar
2024-07-16 21:31:12,177 [Worker-19: Launching mavenrun-34d708c9-db45-4e3b-b15c-cebba43517e2] INFO  o.eclipse.m2e.core.internal.Bundles - 	Entry: C:\Java IDE's\eclipse\plugins\org.eclipse.m2e.maven.runtime_3.9.600.20231203-1234\jars\jansi-2.4.0.jar
2024-07-16 21:31:12,178 [Worker-19: Launching mavenrun-34d708c9-db45-4e3b-b15c-cebba43517e2] INFO  o.eclipse.m2e.core.internal.Bundles - 	Entry: C:\Java IDE's\eclipse\plugins\org.eclipse.m2e.maven.runtime_3.9.600.20231203-1234\jars\jcl-over-slf4j-1.7.36.jar
2024-07-16 21:31:12,178 [Worker-19: Launching mavenrun-34d708c9-db45-4e3b-b15c-cebba43517e2] INFO  o.eclipse.m2e.core.internal.Bundles - 	Entry: C:\Java IDE's\eclipse\plugins\org.eclipse.m2e.maven.runtime_3.9.600.20231203-1234\jars\maven-artifact-3.9.6.jar
2024-07-16 21:31:12,179 [Worker-19: Launching mavenrun-34d708c9-db45-4e3b-b15c-cebba43517e2] INFO  o.eclipse.m2e.core.internal.Bundles - 	Entry: C:\Java IDE's\eclipse\plugins\org.eclipse.m2e.maven.runtime_3.9.600.20231203-1234\jars\maven-builder-support-3.9.6.jar
2024-07-16 21:31:12,179 [Worker-19: Launching mavenrun-34d708c9-db45-4e3b-b15c-cebba43517e2] INFO  o.eclipse.m2e.core.internal.Bundles - 	Entry: C:\Java IDE's\eclipse\plugins\org.eclipse.m2e.maven.runtime_3.9.600.20231203-1234\jars\maven-compat-3.9.6.jar
2024-07-16 21:31:12,189 [Worker-19: Launching mavenrun-34d708c9-db45-4e3b-b15c-cebba43517e2] INFO  o.eclipse.m2e.core.internal.Bundles - 	Entry: C:\Java IDE's\eclipse\plugins\org.eclipse.m2e.maven.runtime_3.9.600.20231203-1234\jars\maven-core-3.9.6.jar
2024-07-16 21:31:12,190 [Worker-19: Launching mavenrun-34d708c9-db45-4e3b-b15c-cebba43517e2] INFO  o.eclipse.m2e.core.internal.Bundles - 	Entry: C:\Java IDE's\eclipse\plugins\org.eclipse.m2e.maven.runtime_3.9.600.20231203-1234\jars\maven-embedder-3.9.6.jar
2024-07-16 21:31:12,191 [Worker-19: Launching mavenrun-34d708c9-db45-4e3b-b15c-cebba43517e2] INFO  o.eclipse.m2e.core.internal.Bundles - 	Entry: C:\Java IDE's\eclipse\plugins\org.eclipse.m2e.maven.runtime_3.9.600.20231203-1234\jars\maven-model-3.9.6.jar
2024-07-16 21:31:12,191 [Worker-19: Launching mavenrun-34d708c9-db45-4e3b-b15c-cebba43517e2] INFO  o.eclipse.m2e.core.internal.Bundles - 	Entry: C:\Java IDE's\eclipse\plugins\org.eclipse.m2e.maven.runtime_3.9.600.20231203-1234\jars\maven-model-builder-3.9.6.jar
2024-07-16 21:31:12,191 [Worker-19: Launching mavenrun-34d708c9-db45-4e3b-b15c-cebba43517e2] INFO  o.eclipse.m2e.core.internal.Bundles - 	Entry: C:\Java IDE's\eclipse\plugins\org.eclipse.m2e.maven.runtime_3.9.600.20231203-1234\jars\maven-plugin-api-3.9.6.jar
2024-07-16 21:31:12,192 [Worker-19: Launching mavenrun-34d708c9-db45-4e3b-b15c-cebba43517e2] INFO  o.eclipse.m2e.core.internal.Bundles - 	Entry: C:\Java IDE's\eclipse\plugins\org.eclipse.m2e.maven.runtime_3.9.600.20231203-1234\jars\maven-repository-metadata-3.9.6.jar
2024-07-16 21:31:12,193 [Worker-19: Launching mavenrun-34d708c9-db45-4e3b-b15c-cebba43517e2] INFO  o.eclipse.m2e.core.internal.Bundles - 	Entry: C:\Java IDE's\eclipse\plugins\org.eclipse.m2e.maven.runtime_3.9.600.20231203-1234\jars\maven-resolver-api-1.9.18.jar
2024-07-16 21:31:12,194 [Worker-19: Launching mavenrun-34d708c9-db45-4e3b-b15c-cebba43517e2] INFO  o.eclipse.m2e.core.internal.Bundles - 	Entry: C:\Java IDE's\eclipse\plugins\org.eclipse.m2e.maven.runtime_3.9.600.20231203-1234\jars\maven-resolver-connector-basic-1.9.18.jar
2024-07-16 21:31:12,195 [Worker-19: Launching mavenrun-34d708c9-db45-4e3b-b15c-cebba43517e2] INFO  o.eclipse.m2e.core.internal.Bundles - 	Entry: C:\Java IDE's\eclipse\plugins\org.eclipse.m2e.maven.runtime_3.9.600.20231203-1234\jars\maven-resolver-impl-1.9.18.jar
2024-07-16 21:31:12,195 [Worker-19: Launching mavenrun-34d708c9-db45-4e3b-b15c-cebba43517e2] INFO  o.eclipse.m2e.core.internal.Bundles - 	Entry: C:\Java IDE's\eclipse\plugins\org.eclipse.m2e.maven.runtime_3.9.600.20231203-1234\jars\maven-resolver-named-locks-1.9.18.jar
2024-07-16 21:31:12,196 [Worker-19: Launching mavenrun-34d708c9-db45-4e3b-b15c-cebba43517e2] INFO  o.eclipse.m2e.core.internal.Bundles - 	Entry: C:\Java IDE's\eclipse\plugins\org.eclipse.m2e.maven.runtime_3.9.600.20231203-1234\jars\maven-resolver-provider-3.9.6.jar
2024-07-16 21:31:12,197 [Worker-19: Launching mavenrun-34d708c9-db45-4e3b-b15c-cebba43517e2] INFO  o.eclipse.m2e.core.internal.Bundles - 	Entry: C:\Java IDE's\eclipse\plugins\org.eclipse.m2e.maven.runtime_3.9.600.20231203-1234\jars\maven-resolver-spi-1.9.18.jar
2024-07-16 21:31:12,197 [Worker-19: Launching mavenrun-34d708c9-db45-4e3b-b15c-cebba43517e2] INFO  o.eclipse.m2e.core.internal.Bundles - 	Entry: C:\Java IDE's\eclipse\plugins\org.eclipse.m2e.maven.runtime_3.9.600.20231203-1234\jars\maven-resolver-transport-file-1.9.18.jar
2024-07-16 21:31:12,198 [Worker-19: Launching mavenrun-34d708c9-db45-4e3b-b15c-cebba43517e2] INFO  o.eclipse.m2e.core.internal.Bundles - 	Entry: C:\Java IDE's\eclipse\plugins\org.eclipse.m2e.maven.runtime_3.9.600.20231203-1234\jars\maven-resolver-transport-http-1.9.18.jar
2024-07-16 21:31:12,198 [Worker-19: Launching mavenrun-34d708c9-db45-4e3b-b15c-cebba43517e2] INFO  o.eclipse.m2e.core.internal.Bundles - 	Entry: C:\Java IDE's\eclipse\plugins\org.eclipse.m2e.maven.runtime_3.9.600.20231203-1234\jars\maven-resolver-transport-wagon-1.9.18.jar
2024-07-16 21:31:12,199 [Worker-19: Launching mavenrun-34d708c9-db45-4e3b-b15c-cebba43517e2] INFO  o.eclipse.m2e.core.internal.Bundles - 	Entry: C:\Java IDE's\eclipse\plugins\org.eclipse.m2e.maven.runtime_3.9.600.20231203-1234\jars\maven-resolver-util-1.9.18.jar
2024-07-16 21:31:12,199 [Worker-19: Launching mavenrun-34d708c9-db45-4e3b-b15c-cebba43517e2] INFO  o.eclipse.m2e.core.internal.Bundles - 	Entry: C:\Java IDE's\eclipse\plugins\org.eclipse.m2e.maven.runtime_3.9.600.20231203-1234\jars\maven-settings-3.9.6.jar
2024-07-16 21:31:12,200 [Worker-19: Launching mavenrun-34d708c9-db45-4e3b-b15c-cebba43517e2] INFO  o.eclipse.m2e.core.internal.Bundles - 	Entry: C:\Java IDE's\eclipse\plugins\org.eclipse.m2e.maven.runtime_3.9.600.20231203-1234\jars\maven-settings-builder-3.9.6.jar
2024-07-16 21:31:12,200 [Worker-19: Launching mavenrun-34d708c9-db45-4e3b-b15c-cebba43517e2] INFO  o.eclipse.m2e.core.internal.Bundles - 	Entry: C:\Java IDE's\eclipse\plugins\org.eclipse.m2e.maven.runtime_3.9.600.20231203-1234\jars\maven-shared-utils-3.3.4.jar
2024-07-16 21:31:12,200 [Worker-19: Launching mavenrun-34d708c9-db45-4e3b-b15c-cebba43517e2] INFO  o.eclipse.m2e.core.internal.Bundles - 	Entry: C:\Java IDE's\eclipse\plugins\org.eclipse.m2e.maven.runtime_3.9.600.20231203-1234\jars\org.eclipse.sisu.inject-0.9.0.M2.jar
2024-07-16 21:31:12,201 [Worker-19: Launching mavenrun-34d708c9-db45-4e3b-b15c-cebba43517e2] INFO  o.eclipse.m2e.core.internal.Bundles - 	Entry: C:\Java IDE's\eclipse\plugins\org.eclipse.m2e.maven.runtime_3.9.600.20231203-1234\jars\org.eclipse.sisu.plexus-0.9.0.M2.jar
2024-07-16 21:31:12,201 [Worker-19: Launching mavenrun-34d708c9-db45-4e3b-b15c-cebba43517e2] INFO  o.eclipse.m2e.core.internal.Bundles - 	Entry: C:\Java IDE's\eclipse\plugins\org.eclipse.m2e.maven.runtime_3.9.600.20231203-1234\jars\plexus-build-api-0.0.7.jar
2024-07-16 21:31:12,201 [Worker-19: Launching mavenrun-34d708c9-db45-4e3b-b15c-cebba43517e2] INFO  o.eclipse.m2e.core.internal.Bundles - 	Entry: C:\Java IDE's\eclipse\plugins\org.eclipse.m2e.maven.runtime_3.9.600.20231203-1234\jars\plexus-cipher-2.0.jar
2024-07-16 21:31:12,202 [Worker-19: Launching mavenrun-34d708c9-db45-4e3b-b15c-cebba43517e2] INFO  o.eclipse.m2e.core.internal.Bundles - 	Entry: C:\Java IDE's\eclipse\plugins\org.eclipse.m2e.maven.runtime_3.9.600.20231203-1234\jars\plexus-classworlds-2.7.0.jar
2024-07-16 21:31:12,202 [Worker-19: Launching mavenrun-34d708c9-db45-4e3b-b15c-cebba43517e2] INFO  o.eclipse.m2e.core.internal.Bundles - 	Entry: C:\Java IDE's\eclipse\plugins\org.eclipse.m2e.maven.runtime_3.9.600.20231203-1234\jars\plexus-component-annotations-2.1.0.jar
2024-07-16 21:31:12,204 [Worker-19: Launching mavenrun-34d708c9-db45-4e3b-b15c-cebba43517e2] INFO  o.eclipse.m2e.core.internal.Bundles - 	Entry: C:\Java IDE's\eclipse\plugins\org.eclipse.m2e.maven.runtime_3.9.600.20231203-1234\jars\plexus-interpolation-1.26.jar
2024-07-16 21:31:12,206 [Worker-19: Launching mavenrun-34d708c9-db45-4e3b-b15c-cebba43517e2] INFO  o.eclipse.m2e.core.internal.Bundles - 	Entry: C:\Java IDE's\eclipse\plugins\org.eclipse.m2e.maven.runtime_3.9.600.20231203-1234\jars\plexus-sec-dispatcher-2.0.jar
2024-07-16 21:31:12,206 [Worker-19: Launching mavenrun-34d708c9-db45-4e3b-b15c-cebba43517e2] INFO  o.eclipse.m2e.core.internal.Bundles - 	Entry: C:\Java IDE's\eclipse\plugins\org.eclipse.m2e.maven.runtime_3.9.600.20231203-1234\jars\plexus-utils-3.5.1.jar
2024-07-16 21:31:12,207 [Worker-19: Launching mavenrun-34d708c9-db45-4e3b-b15c-cebba43517e2] INFO  o.eclipse.m2e.core.internal.Bundles - 	Entry: C:\Java IDE's\eclipse\plugins\org.eclipse.m2e.maven.runtime_3.9.600.20231203-1234\jars\wagon-file-3.5.3.jar
2024-07-16 21:31:12,207 [Worker-19: Launching mavenrun-34d708c9-db45-4e3b-b15c-cebba43517e2] INFO  o.eclipse.m2e.core.internal.Bundles - 	Entry: C:\Java IDE's\eclipse\plugins\org.eclipse.m2e.maven.runtime_3.9.600.20231203-1234\jars\wagon-http-3.5.3.jar
2024-07-16 21:31:12,208 [Worker-19: Launching mavenrun-34d708c9-db45-4e3b-b15c-cebba43517e2] INFO  o.eclipse.m2e.core.internal.Bundles - 	Entry: C:\Java IDE's\eclipse\plugins\org.eclipse.m2e.maven.runtime_3.9.600.20231203-1234\jars\wagon-http-shared-3.5.3.jar
2024-07-16 21:31:12,208 [Worker-19: Launching mavenrun-34d708c9-db45-4e3b-b15c-cebba43517e2] INFO  o.eclipse.m2e.core.internal.Bundles - 	Entry: C:\Java IDE's\eclipse\plugins\org.eclipse.m2e.maven.runtime_3.9.600.20231203-1234\jars\wagon-provider-api-3.5.3.jar
2024-07-16 21:31:12,209 [Worker-19: Launching mavenrun-34d708c9-db45-4e3b-b15c-cebba43517e2] INFO  o.eclipse.m2e.core.internal.Bundles - getClasspathEntries(Bundle=com.google.guava_33.0.0.jre [14])
2024-07-16 21:31:12,209 [Worker-19: Launching mavenrun-34d708c9-db45-4e3b-b15c-cebba43517e2] INFO  o.eclipse.m2e.core.internal.Bundles - 	Entry: C:\Java IDE's\eclipse\plugins\com.google.guava_33.0.0.jre.jar
2024-07-16 21:31:12,210 [Worker-19: Launching mavenrun-34d708c9-db45-4e3b-b15c-cebba43517e2] INFO  o.eclipse.m2e.core.internal.Bundles - getClasspathEntries(Bundle=slf4j.api_2.0.12 [1001])
2024-07-16 21:31:12,210 [Worker-19: Launching mavenrun-34d708c9-db45-4e3b-b15c-cebba43517e2] INFO  o.eclipse.m2e.core.internal.Bundles - 	Entry: C:\Java IDE's\eclipse\plugins\slf4j.api_2.0.12.jar
2024-07-16 21:31:12,211 [Worker-19: Launching mavenrun-34d708c9-db45-4e3b-b15c-cebba43517e2] INFO  o.eclipse.m2e.core.internal.Bundles - getClasspathEntries(Bundle=jakarta.inject.jakarta.inject-api_1.0.5 [32])
2024-07-16 21:31:12,211 [Worker-19: Launching mavenrun-34d708c9-db45-4e3b-b15c-cebba43517e2] INFO  o.eclipse.m2e.core.internal.Bundles - 	Entry: C:\Java IDE's\eclipse\plugins\jakarta.inject.jakarta.inject-api_1.0.5.jar
2024-07-16 21:31:12,211 [Worker-19: Launching mavenrun-34d708c9-db45-4e3b-b15c-cebba43517e2] INFO  o.eclipse.m2e.core.internal.Bundles - getClasspathEntries(Bundle=jakarta.annotation-api_1.3.5 [27])
2024-07-16 21:31:12,212 [Worker-19: Launching mavenrun-34d708c9-db45-4e3b-b15c-cebba43517e2] INFO  o.eclipse.m2e.core.internal.Bundles - 	Entry: C:\Java IDE's\eclipse\plugins\jakarta.annotation-api_1.3.5.jar
2024-07-16 21:31:12,212 [Worker-19: Launching mavenrun-34d708c9-db45-4e3b-b15c-cebba43517e2] INFO  o.eclipse.m2e.core.internal.Bundles - getClasspathEntries(Bundle=org.apache.commons.cli_1.6.0 [75])
2024-07-16 21:31:12,214 [Worker-19: Launching mavenrun-34d708c9-db45-4e3b-b15c-cebba43517e2] INFO  o.eclipse.m2e.core.internal.Bundles - 	Entry: C:\Java IDE's\eclipse\plugins\org.apache.commons.cli_1.6.0.jar
2024-07-16 21:31:12,214 [Worker-19: Launching mavenrun-34d708c9-db45-4e3b-b15c-cebba43517e2] INFO  o.eclipse.m2e.core.internal.Bundles - getClasspathEntries(Bundle=org.apache.commons.commons-codec_1.16.0 [78])
2024-07-16 21:31:12,215 [Worker-19: Launching mavenrun-34d708c9-db45-4e3b-b15c-cebba43517e2] INFO  o.eclipse.m2e.core.internal.Bundles - 	Entry: C:\Java IDE's\eclipse\plugins\org.apache.commons.commons-codec_1.16.0.jar
2024-07-16 21:31:12,215 [Worker-19: Launching mavenrun-34d708c9-db45-4e3b-b15c-cebba43517e2] INFO  o.eclipse.m2e.core.internal.Bundles - getClasspathEntries(Bundle=org.apache.commons.lang3_3.14.0 [86])
2024-07-16 21:31:12,217 [Worker-19: Launching mavenrun-34d708c9-db45-4e3b-b15c-cebba43517e2] INFO  o.eclipse.m2e.core.internal.Bundles - 	Entry: C:\Java IDE's\eclipse\plugins\org.apache.commons.lang3_3.14.0.jar
2024-07-16 21:31:12,217 [Worker-19: Launching mavenrun-34d708c9-db45-4e3b-b15c-cebba43517e2] INFO  o.eclipse.m2e.core.internal.Bundles - getClasspathEntries(Bundle=com.google.guava.failureaccess_1.0.2 [15])
2024-07-16 21:31:12,218 [Worker-19: Launching mavenrun-34d708c9-db45-4e3b-b15c-cebba43517e2] INFO  o.eclipse.m2e.core.internal.Bundles - 	Entry: C:\Java IDE's\eclipse\plugins\com.google.guava.failureaccess_1.0.2.jar
2024-07-16 21:31:12,223 [Worker-19: Launching mavenrun-34d708c9-db45-4e3b-b15c-cebba43517e2] INFO  o.e.m.i.launch.MavenLaunchDelegate - Run build in "C:\Users\jay krishna\AppData\Local\Temp\m2e-archetypeGenerator10261006554783863119":
2024-07-16 21:31:12,223 [Worker-19: Launching mavenrun-34d708c9-db45-4e3b-b15c-cebba43517e2] INFO  o.e.m.i.launch.MavenLaunchDelegate -  mvn  -DarchetypeGroupId=org.apache.maven.archetypes -DarchetypeArtifactId=maven-archetype-quickstart -DarchetypeVersion=1.4 -DgroupId=com.codegnan -DartifactId=SpringBeans -Dversion=0.0.1-SNAPSHOT -Dpackage=com.codegnan.SpringBeans -DoutputDirectory="C:\Spring and SpringBoot" -Dstyle.color=always -U archetype:generate
2024-07-16 21:31:34,835 [Worker-20: Creating maven-archetype-quickstart] INFO  o.e.m.c.i.p.ProjectConfigurationManager - Collecting project info '/pom.xml' C:\Spring and SpringBoot\SpringBeans\pom.xml
2024-07-16 21:31:35,052 [Worker-20: Creating maven-archetype-quickstart] INFO  o.e.m.c.i.l.LifecycleMappingFactory - Using org.eclipse.m2e.jdt.JarLifecycleMapping lifecycle mapping for MavenProject: com.codegnan:SpringBeans:0.0.1-SNAPSHOT @ C:\Spring and SpringBoot\SpringBeans\pom.xml.
2024-07-16 21:31:35,891 [Worker-20: Creating maven-archetype-quickstart] INFO  o.e.m.j.i.AbstractJavaProjectConfigurator - Adding source folder /SpringBeans/src/main/java
2024-07-16 21:31:35,896 [Worker-20: Creating maven-archetype-quickstart] INFO  o.e.m.j.i.AbstractJavaProjectConfigurator - Adding resource folder /SpringBeans/src/main/resources
2024-07-16 21:31:35,912 [Worker-20: Creating maven-archetype-quickstart] INFO  o.e.m.j.i.AbstractJavaProjectConfigurator - Adding source folder /SpringBeans/src/test/java
2024-07-16 21:31:35,914 [Worker-20: Creating maven-archetype-quickstart] INFO  o.e.m.j.i.AbstractJavaProjectConfigurator - Adding resource folder /SpringBeans/src/test/resources
2024-07-16 21:31:36,058 [Worker-20: Creating maven-archetype-quickstart] INFO  o.e.m.c.i.p.ProjectConfigurationManager - Imported and configured 1 project(s) in 1 sec
2024-07-16 21:31:36,648 [Worker-21: Building] INFO  o.e.m.c.i.embedder.EclipseLogger - Using 'UTF-8' encoding to copy filtered resources.
2024-07-16 21:31:36,648 [Worker-21: Building] INFO  o.e.m.c.i.embedder.EclipseLogger - skip non existing resourceDirectory C:\Spring and SpringBoot\SpringBeans\src\main\resources
2024-07-16 21:31:36,652 [Worker-21: Building] INFO  o.e.m.c.i.embedder.EclipseLogger - Using 'UTF-8' encoding to copy filtered resources.
2024-07-16 21:31:36,652 [Worker-21: Building] INFO  o.e.m.c.i.embedder.EclipseLogger - skip non existing resourceDirectory C:\Spring and SpringBoot\SpringBeans\src\test\resources
2024-07-16 21:32:21,503 [Worker-18: Building] INFO  o.e.m.c.i.l.LifecycleMappingFactory - Using org.eclipse.m2e.jdt.JarLifecycleMapping lifecycle mapping for MavenProject: com.codegnan:SpringBeans:0.0.1-SNAPSHOT @ C:\Spring and SpringBoot\SpringBeans\pom.xml.
2024-07-16 21:32:21,654 [Worker-18: Building] INFO  o.e.m.c.i.embedder.EclipseLogger - Using 'UTF-8' encoding to copy filtered resources.
2024-07-16 21:32:21,654 [Worker-18: Building] INFO  o.e.m.c.i.embedder.EclipseLogger - skip non existing resourceDirectory C:\Spring and SpringBoot\SpringBeans\src\main\resources
2024-07-16 21:32:21,657 [Worker-18: Building] INFO  o.e.m.c.i.embedder.EclipseLogger - Using 'UTF-8' encoding to copy filtered resources.
2024-07-16 21:32:21,658 [Worker-18: Building] INFO  o.e.m.c.i.embedder.EclipseLogger - skip non existing resourceDirectory C:\Spring and SpringBoot\SpringBeans\src\test\resources
2024-07-16 21:32:22,933 [Worker-19: Building] INFO  o.e.m.c.i.embedder.EclipseLogger - Using 'UTF-8' encoding to copy filtered resources.
2024-07-16 21:32:22,933 [Worker-19: Building] INFO  o.e.m.c.i.embedder.EclipseLogger - skip non existing resourceDirectory C:\Spring and SpringBoot\SpringBeans\src\main\resources
2024-07-16 21:32:22,943 [Worker-19: Building] INFO  o.e.m.c.i.embedder.EclipseLogger - Using 'UTF-8' encoding to copy filtered resources.
2024-07-16 21:32:22,943 [Worker-19: Building] INFO  o.e.m.c.i.embedder.EclipseLogger - skip non existing resourceDirectory C:\Spring and SpringBoot\SpringBeans\src\test\resources
2024-07-16 21:33:56,595 [Worker-22: Building] INFO  o.e.m.c.i.embedder.EclipseLogger - Using 'UTF-8' encoding to copy filtered resources.
2024-07-16 21:33:56,629 [Worker-22: Building] INFO  o.e.m.c.i.embedder.EclipseLogger - Copying 0 resource
2024-07-16 21:33:56,633 [Worker-22: Building] INFO  o.e.m.c.i.embedder.EclipseLogger - Using 'UTF-8' encoding to copy filtered resources.
2024-07-16 21:33:56,634 [Worker-22: Building] INFO  o.e.m.c.i.embedder.EclipseLogger - Copying 0 resource
2024-07-16 21:35:24,169 [Worker-20: Building] INFO  o.e.m.c.i.embedder.EclipseLogger - Using 'UTF-8' encoding to copy filtered resources.
2024-07-16 21:35:24,230 [Worker-20: Building] INFO  o.e.m.c.i.embedder.EclipseLogger - Copying 0 resource
2024-07-16 21:35:24,234 [Worker-20: Building] INFO  o.e.m.c.i.embedder.EclipseLogger - Using 'UTF-8' encoding to copy filtered resources.
2024-07-16 21:35:24,237 [Worker-20: Building] INFO  o.e.m.c.i.embedder.EclipseLogger - Copying 0 resource
2024-07-16 21:41:16,580 [Worker-22: Building] INFO  o.e.m.c.i.embedder.EclipseLogger - Using 'UTF-8' encoding to copy filtered resources.
2024-07-16 21:41:16,581 [Worker-22: Building] INFO  o.e.m.c.i.embedder.EclipseLogger - Copying 0 resource
2024-07-16 21:41:16,585 [Worker-22: Building] INFO  o.e.m.c.i.embedder.EclipseLogger - Using 'UTF-8' encoding to copy filtered resources.
2024-07-16 21:41:16,587 [Worker-22: Building] INFO  o.e.m.c.i.embedder.EclipseLogger - Copying 0 resource
2024-07-16 21:41:35,356 [Worker-22: Building] INFO  o.e.m.c.i.embedder.EclipseLogger - Using 'UTF-8' encoding to copy filtered resources.
2024-07-16 21:41:35,358 [Worker-22: Building] INFO  o.e.m.c.i.embedder.EclipseLogger - Copying 0 resource
2024-07-16 21:41:35,363 [Worker-22: Building] INFO  o.e.m.c.i.embedder.EclipseLogger - Using 'UTF-8' encoding to copy filtered resources.
2024-07-16 21:41:35,366 [Worker-22: Building] INFO  o.e.m.c.i.embedder.EclipseLogger - Copying 0 resource
2024-07-16 21:42:54,927 [Worker-18: Building] INFO  o.e.m.c.i.embedder.EclipseLogger - Using 'UTF-8' encoding to copy filtered resources.
2024-07-16 21:42:54,928 [Worker-18: Building] INFO  o.e.m.c.i.embedder.EclipseLogger - Copying 0 resource
2024-07-16 21:42:54,931 [Worker-18: Building] INFO  o.e.m.c.i.embedder.EclipseLogger - Using 'UTF-8' encoding to copy filtered resources.
2024-07-16 21:42:54,933 [Worker-18: Building] INFO  o.e.m.c.i.embedder.EclipseLogger - Copying 0 resource
2024-07-16 21:43:35,904 [Worker-23: Building] INFO  o.e.m.c.i.embedder.EclipseLogger - Using 'UTF-8' encoding to copy filtered resources.
2024-07-16 21:43:35,906 [Worker-23: Building] INFO  o.e.m.c.i.embedder.EclipseLogger - Copying 0 resource
2024-07-16 21:43:35,911 [Worker-23: Building] INFO  o.e.m.c.i.embedder.EclipseLogger - Using 'UTF-8' encoding to copy filtered resources.
2024-07-16 21:43:35,912 [Worker-23: Building] INFO  o.e.m.c.i.embedder.EclipseLogger - Copying 0 resource
2024-07-16 21:44:34,877 [Worker-24: Building] INFO  o.e.m.c.i.embedder.EclipseLogger - Using 'UTF-8' encoding to copy filtered resources.
2024-07-16 21:44:34,879 [Worker-24: Building] INFO  o.e.m.c.i.embedder.EclipseLogger - Copying 0 resource
2024-07-16 21:44:34,883 [Worker-24: Building] INFO  o.e.m.c.i.embedder.EclipseLogger - Using 'UTF-8' encoding to copy filtered resources.
2024-07-16 21:44:34,884 [Worker-24: Building] INFO  o.e.m.c.i.embedder.EclipseLogger - Copying 0 resource
2024-07-16 21:45:23,371 [Worker-2: Building] INFO  o.e.m.c.i.embedder.EclipseLogger - Using 'UTF-8' encoding to copy filtered resources.
2024-07-16 21:45:23,372 [Worker-2: Building] INFO  o.e.m.c.i.embedder.EclipseLogger - Copying 0 resource
2024-07-16 21:45:23,378 [Worker-2: Building] INFO  o.e.m.c.i.embedder.EclipseLogger - Using 'UTF-8' encoding to copy filtered resources.
2024-07-16 21:45:23,380 [Worker-2: Building] INFO  o.e.m.c.i.embedder.EclipseLogger - Copying 0 resource
2024-07-16 21:45:33,554 [Worker-18: Building] INFO  o.e.m.c.i.embedder.EclipseLogger - Using 'UTF-8' encoding to copy filtered resources.
2024-07-16 21:45:33,555 [Worker-18: Building] INFO  o.e.m.c.i.embedder.EclipseLogger - Copying 0 resource
2024-07-16 21:45:33,559 [Worker-18: Building] INFO  o.e.m.c.i.embedder.EclipseLogger - Using 'UTF-8' encoding to copy filtered resources.
2024-07-16 21:45:33,561 [Worker-18: Building] INFO  o.e.m.c.i.embedder.EclipseLogger - Copying 0 resource
2024-07-16 21:46:01,993 [Worker-23: Building] INFO  o.e.m.c.i.embedder.EclipseLogger - Using 'UTF-8' encoding to copy filtered resources.
2024-07-16 21:46:01,995 [Worker-23: Building] INFO  o.e.m.c.i.embedder.EclipseLogger - Copying 0 resource
2024-07-16 21:46:02,008 [Worker-23: Building] INFO  o.e.m.c.i.embedder.EclipseLogger - Using 'UTF-8' encoding to copy filtered resources.
2024-07-16 21:46:02,010 [Worker-23: Building] INFO  o.e.m.c.i.embedder.EclipseLogger - Copying 0 resource
2024-07-16 21:46:10,372 [Worker-18: Building] INFO  o.e.m.c.i.embedder.EclipseLogger - Using 'UTF-8' encoding to copy filtered resources.
2024-07-16 21:46:10,373 [Worker-18: Building] INFO  o.e.m.c.i.embedder.EclipseLogger - Copying 0 resource
2024-07-16 21:46:10,428 [Worker-18: Building] INFO  o.e.m.c.i.embedder.EclipseLogger - Using 'UTF-8' encoding to copy filtered resources.
2024-07-16 21:46:10,430 [Worker-18: Building] INFO  o.e.m.c.i.embedder.EclipseLogger - Copying 0 resource
2024-07-16 21:46:55,753 [Worker-23: Building] INFO  o.e.m.c.i.embedder.EclipseLogger - Using 'UTF-8' encoding to copy filtered resources.
2024-07-16 21:46:55,755 [Worker-23: Building] INFO  o.e.m.c.i.embedder.EclipseLogger - Copying 0 resource
2024-07-16 21:46:55,762 [Worker-23: Building] INFO  o.e.m.c.i.embedder.EclipseLogger - Using 'UTF-8' encoding to copy filtered resources.
2024-07-16 21:46:55,764 [Worker-23: Building] INFO  o.e.m.c.i.embedder.EclipseLogger - Copying 0 resource
2024-07-16 21:47:24,944 [Worker-24: Building] INFO  o.e.m.c.i.embedder.EclipseLogger - Using 'UTF-8' encoding to copy filtered resources.
2024-07-16 21:47:24,945 [Worker-24: Building] INFO  o.e.m.c.i.embedder.EclipseLogger - Copying 0 resource
2024-07-16 21:47:24,951 [Worker-24: Building] INFO  o.e.m.c.i.embedder.EclipseLogger - Using 'UTF-8' encoding to copy filtered resources.
2024-07-16 21:47:24,952 [Worker-24: Building] INFO  o.e.m.c.i.embedder.EclipseLogger - Copying 0 resource
2024-07-16 21:47:53,833 [Worker-22: Building] INFO  o.e.m.c.i.embedder.EclipseLogger - Using 'UTF-8' encoding to copy filtered resources.
2024-07-16 21:47:53,833 [Worker-22: Building] INFO  o.e.m.c.i.embedder.EclipseLogger - Copying 0 resource
2024-07-16 21:47:53,840 [Worker-22: Building] INFO  o.e.m.c.i.embedder.EclipseLogger - Using 'UTF-8' encoding to copy filtered resources.
2024-07-16 21:47:53,841 [Worker-22: Building] INFO  o.e.m.c.i.embedder.EclipseLogger - Copying 0 resource
2024-07-16 21:48:08,874 [Worker-18: Building] INFO  o.e.m.c.i.embedder.EclipseLogger - Using 'UTF-8' encoding to copy filtered resources.
2024-07-16 21:48:08,875 [Worker-18: Building] INFO  o.e.m.c.i.embedder.EclipseLogger - Copying 0 resource
2024-07-16 21:48:08,882 [Worker-18: Building] INFO  o.e.m.c.i.embedder.EclipseLogger - Using 'UTF-8' encoding to copy filtered resources.
2024-07-16 21:48:08,883 [Worker-18: Building] INFO  o.e.m.c.i.embedder.EclipseLogger - Copying 0 resource
2024-07-16 21:48:21,116 [Worker-24: Building] INFO  o.e.m.c.i.embedder.EclipseLogger - Using 'UTF-8' encoding to copy filtered resources.
2024-07-16 21:48:21,118 [Worker-24: Building] INFO  o.e.m.c.i.embedder.EclipseLogger - Copying 0 resource
2024-07-16 21:48:21,122 [Worker-24: Building] INFO  o.e.m.c.i.embedder.EclipseLogger - Using 'UTF-8' encoding to copy filtered resources.
2024-07-16 21:48:21,124 [Worker-24: Building] INFO  o.e.m.c.i.embedder.EclipseLogger - Copying 0 resource
2024-07-16 21:48:35,270 [Worker-23: Building] INFO  o.e.m.c.i.embedder.EclipseLogger - Using 'UTF-8' encoding to copy filtered resources.
2024-07-16 21:48:35,271 [Worker-23: Building] INFO  o.e.m.c.i.embedder.EclipseLogger - Copying 0 resource
2024-07-16 21:48:35,282 [Worker-23: Building] INFO  o.e.m.c.i.embedder.EclipseLogger - Using 'UTF-8' encoding to copy filtered resources.
2024-07-16 21:48:35,284 [Worker-23: Building] INFO  o.e.m.c.i.embedder.EclipseLogger - Copying 0 resource
2024-07-16 21:49:20,507 [Worker-23: Building] INFO  o.e.m.c.i.embedder.EclipseLogger - Using 'UTF-8' encoding to copy filtered resources.
2024-07-16 21:49:20,508 [Worker-23: Building] INFO  o.e.m.c.i.embedder.EclipseLogger - Copying 0 resource
2024-07-16 21:49:20,515 [Worker-23: Building] INFO  o.e.m.c.i.embedder.EclipseLogger - Using 'UTF-8' encoding to copy filtered resources.
2024-07-16 21:49:20,517 [Worker-23: Building] INFO  o.e.m.c.i.embedder.EclipseLogger - Copying 0 resource
2024-07-16 21:51:28,098 [Worker-2: Building] INFO  o.e.m.c.i.embedder.EclipseLogger - Using 'UTF-8' encoding to copy filtered resources.
2024-07-16 21:51:28,100 [Worker-2: Building] INFO  o.e.m.c.i.embedder.EclipseLogger - Copying 0 resource
2024-07-16 21:51:28,104 [Worker-2: Building] INFO  o.e.m.c.i.embedder.EclipseLogger - Using 'UTF-8' encoding to copy filtered resources.
2024-07-16 21:51:28,105 [Worker-2: Building] INFO  o.e.m.c.i.embedder.EclipseLogger - Copying 0 resource
2024-07-16 21:53:09,653 [Worker-18: Building] INFO  o.e.m.c.i.embedder.EclipseLogger - Using 'UTF-8' encoding to copy filtered resources.
2024-07-16 21:53:09,654 [Worker-18: Building] INFO  o.e.m.c.i.embedder.EclipseLogger - Copying 0 resource
2024-07-16 21:53:09,658 [Worker-18: Building] INFO  o.e.m.c.i.embedder.EclipseLogger - Using 'UTF-8' encoding to copy filtered resources.
2024-07-16 21:53:09,659 [Worker-18: Building] INFO  o.e.m.c.i.embedder.EclipseLogger - Copying 0 resource
2024-07-17 12:39:39,198 [Worker-1: Loading available Gradle versions] INFO  o.e.b.c.i.u.g.PublishedGradleVersions - Gradle version information cache is up-to-date. Trying to read.
